[21:45:39] This is prokka 1.14.6
[21:45:39] Written by Torsten Seemann <torsten.seemann@gmail.com>
[21:45:39] Homepage is https://github.com/tseemann/prokka
[21:45:39] Local time is Wed Nov 17 21:45:39 2021
[21:45:39] You are joaquim.junior
[21:45:39] Operating system is linux
[21:45:39] You have BioPerl 1.007002
[21:45:39] System has 40 cores.
[21:45:39] Will use maximum of 10 cores.
[21:45:39] Annotating as >>> Bacteria <<<
[21:45:39] Generating locus_tag from '/home/joaquim.junior/work/omics_course/analysis/bins_consolidated/bin_demo.7.permissive.fa' contents.
[21:45:39] Setting --locustag BDMCONLN from MD5 bd6c8757af263b8d601964d6460ec7bc
[21:45:39] Creating new output folder: prokka_out/bin_demo.7.permissive
[21:45:39] Running: mkdir -p prokka_out\/bin_demo\.7\.permissive
[21:45:39] Using filename prefix: bin_demo.7.permissive.XXX
[21:45:39] Setting HMMER_NCPU=1
[21:45:39] Writing log to: prokka_out/bin_demo.7.permissive/bin_demo.7.permissive.log
[21:45:39] Command: /opt/spack/opt/spack/linux-centos8-x86_64/gcc-9.3.0/anaconda3-2020.11-eofni6wqgiwzxofemlpw2qhivqi5lp4z/envs/prokka/bin/prokka --quiet --cpus 10 --outdir prokka_out/bin_demo.7.permissive --prefix bin_demo.7.permissive --addgenes --addmrna --kingdom Bacteria /home/joaquim.junior/work/omics_course/analysis/bins_consolidated/bin_demo.7.permissive.fa
[21:45:39] Appending to PATH: /opt/spack/opt/spack/linux-centos8-x86_64/gcc-9.3.0/anaconda3-2020.11-eofni6wqgiwzxofemlpw2qhivqi5lp4z/envs/prokka/bin
[21:45:39] Looking for 'aragorn' - found /opt/spack/opt/spack/linux-centos8-x86_64/gcc-9.3.0/anaconda3-2020.11-eofni6wqgiwzxofemlpw2qhivqi5lp4z/envs/prokka/bin/aragorn
[21:45:39] Determined aragorn version is 001002 from 'ARAGORN v1.2.38 Dean Laslett'
[21:45:39] Looking for 'barrnap' - found /opt/spack/opt/spack/linux-centos8-x86_64/gcc-9.3.0/anaconda3-2020.11-eofni6wqgiwzxofemlpw2qhivqi5lp4z/envs/prokka/bin/barrnap
[21:45:39] Determined barrnap version is 000009 from 'barrnap 0.9'
[21:45:39] Looking for 'blastp' - found /opt/spack/opt/spack/linux-centos8-x86_64/gcc-9.3.0/anaconda3-2020.11-eofni6wqgiwzxofemlpw2qhivqi5lp4z/envs/prokka/bin/blastp
[21:45:39] Determined blastp version is 002010 from 'blastp: 2.10.1+'
[21:45:39] Looking for 'cmpress' - found /opt/spack/opt/spack/linux-centos8-x86_64/gcc-9.3.0/anaconda3-2020.11-eofni6wqgiwzxofemlpw2qhivqi5lp4z/envs/prokka/bin/cmpress
[21:45:39] Determined cmpress version is 001001 from '# INFERNAL 1.1.3 (Nov 2019)'
[21:45:39] Looking for 'cmscan' - found /opt/spack/opt/spack/linux-centos8-x86_64/gcc-9.3.0/anaconda3-2020.11-eofni6wqgiwzxofemlpw2qhivqi5lp4z/envs/prokka/bin/cmscan
[21:45:39] Determined cmscan version is 001001 from '# INFERNAL 1.1.3 (Nov 2019)'
[21:45:39] Looking for 'egrep' - found /usr/bin/egrep
[21:45:39] Looking for 'find' - found /usr/bin/find
[21:45:39] Looking for 'grep' - found /usr/bin/grep
[21:45:39] Looking for 'hmmpress' - found /opt/spack/opt/spack/linux-centos8-x86_64/gcc-9.3.0/anaconda3-2020.11-eofni6wqgiwzxofemlpw2qhivqi5lp4z/envs/prokka/bin/hmmpress
[21:45:39] Determined hmmpress version is 003003 from '# HMMER 3.3.2 (Nov 2020); http://hmmer.org/'
[21:45:39] Looking for 'hmmscan' - found /opt/spack/opt/spack/linux-centos8-x86_64/gcc-9.3.0/anaconda3-2020.11-eofni6wqgiwzxofemlpw2qhivqi5lp4z/envs/prokka/bin/hmmscan
[21:45:39] Determined hmmscan version is 003003 from '# HMMER 3.3.2 (Nov 2020); http://hmmer.org/'
[21:45:39] Looking for 'java' - found /opt/spack/opt/spack/linux-centos8-x86_64/gcc-9.3.0/anaconda3-2020.11-eofni6wqgiwzxofemlpw2qhivqi5lp4z/envs/prokka/bin/java
[21:45:39] Looking for 'makeblastdb' - found /opt/spack/opt/spack/linux-centos8-x86_64/gcc-9.3.0/anaconda3-2020.11-eofni6wqgiwzxofemlpw2qhivqi5lp4z/envs/prokka/bin/makeblastdb
[21:45:40] Determined makeblastdb version is 002010 from 'makeblastdb: 2.10.1+'
[21:45:40] Looking for 'minced' - found /opt/spack/opt/spack/linux-centos8-x86_64/gcc-9.3.0/anaconda3-2020.11-eofni6wqgiwzxofemlpw2qhivqi5lp4z/envs/prokka/bin/minced
[21:45:40] Determined minced version is 004002 from 'minced 0.4.2'
[21:45:40] Looking for 'parallel' - found /opt/spack/opt/spack/linux-centos8-x86_64/gcc-9.3.0/anaconda3-2020.11-eofni6wqgiwzxofemlpw2qhivqi5lp4z/envs/prokka/bin/parallel
[21:45:40] Determined parallel version is 20201122 from 'GNU parallel 20201122'
[21:45:40] Looking for 'prodigal' - found /opt/spack/opt/spack/linux-centos8-x86_64/gcc-9.3.0/anaconda3-2020.11-eofni6wqgiwzxofemlpw2qhivqi5lp4z/envs/prokka/bin/prodigal
[21:45:40] Determined prodigal version is 002006 from 'Prodigal V2.6.3: February, 2016'
[21:45:40] Looking for 'prokka-genbank_to_fasta_db' - found /opt/spack/opt/spack/linux-centos8-x86_64/gcc-9.3.0/anaconda3-2020.11-eofni6wqgiwzxofemlpw2qhivqi5lp4z/envs/prokka/bin/prokka-genbank_to_fasta_db
[21:45:40] Looking for 'sed' - found /usr/bin/sed
[21:45:40] Looking for 'signalp' - found /opt/spack/opt/spack/linux-centos8-x86_64/gcc-9.3.0/anaconda3-2020.11-eofni6wqgiwzxofemlpw2qhivqi5lp4z/bin/signalp
[21:45:40] Determined signalp version is 005000 from '5.0 86_64'
[21:45:40] Looking for 'tbl2asn' - found /opt/spack/opt/spack/linux-centos8-x86_64/gcc-9.3.0/anaconda3-2020.11-eofni6wqgiwzxofemlpw2qhivqi5lp4z/envs/prokka/bin/tbl2asn
[21:45:40] Determined tbl2asn version is 025007 from 'tbl2asn 25.7   arguments:'
[21:45:40] Using genetic code table 11.
[21:45:40] Loading and checking input file: /home/joaquim.junior/work/omics_course/analysis/bins_consolidated/bin_demo.7.permissive.fa
[21:45:40] Wrote 109 contigs totalling 1463229 bp.
[21:45:40] Predicting tRNAs and tmRNAs
[21:45:40] Running: aragorn -l -gc11  -w prokka_out\/bin_demo\.7\.permissive\/bin_demo\.7\.permissive\.fna
[21:45:40] 1 tRNA-Leu [116929,117016] 36 (taa)
[21:45:40] 2 tRNA-Glu [119309,119384] 36 (ttc)
[21:45:40] tRNA [122357,122428] is a pseudo/wacky gene - skipping.
[21:45:40] 4 tRNA-Ile [126003,126074] 33 (gat)
[21:45:40] 5 tRNA-Met [127270,127344] 35 (cat)
[21:45:40] 6 tRNA-Gln [136185,136260] 37 (ttg)
[21:45:40] 7 tRNA-Asp [137885,137957] 34 (gtc)
[21:45:40] 8 tRNA-Thr [137977,138049] 34 (tgt)
[21:45:40] 9 tRNA-Pro [138357,138433] 37 (tgg)
[21:45:40] 10 tRNA-Val [139611,139685] 35 (tac)
[21:45:40] 11 tRNA-His [141008,141083] 36 (gtg)
[21:45:40] 12 tRNA-Ile [141262,141336] 35 (gat)
[21:45:40] 13 tRNA-Lys [141640,141713] 35 (ttt)
[21:45:40] 14 tRNA-Asn [142136,142209] 34 (gtt)
[21:45:40] 15 tRNA-Ser [142522,142613] 38 (tga)
[21:45:40] 16 tRNA-Trp [143339,143411] 34 (cca)
[21:45:40] 17 tRNA-Ala [143425,143497] 34 (tgc)
[21:45:40] 18 tRNA-Phe [143639,143712] 35 (gaa)
[21:45:40] 19 tRNA-Ser [143801,143873] 33 (gga)
[21:45:40] 20 tRNA-Cys [144172,144244] 34 (gca)
[21:45:40] 21 tRNA-Met [144247,144320] 35 (cat)
[21:45:40] 22 tRNA-Tyr [149497,149580] 36 (gta)
[21:45:40] 23 tRNA-Ser [151002,151091] 36 (gct)
[21:45:40] 24 tRNA-Leu [152436,152524] 35 (tag)
[21:45:40] 25 tRNA-Arg [154264,154351] 35 (tct)
[21:45:40] 1 tRNA-Phe c[36892,36967] 34 (gaa)
[21:45:40] 2 tRNA-Asp c[36983,37059] 35 (gtc)
[21:45:40] 3 tRNA-Val c[37100,37175] 34 (tac)
[21:45:40] 4 tmRNA [50768,51132] 100,132 ADNRELAYAA*
[21:45:40] 5 tRNA-Trp [51199,51273] 34 (cca)
[21:45:40] 1 tRNA-Leu c[35,123] 35 (taa)
[21:45:40] 1 tRNA-Ser [15680,15771] 36 (tga)
[21:45:40] 2 tRNA-Ser [15804,15894] 35 (gct)
[21:45:40] 1 tRNA-Glu [10826,10900] 34 (ctc)
[21:45:40] 1 tRNA-Leu [9166,9250] 35 (gag)
[21:45:40] 1 tRNA-Thr c[4940,5015] 34 (ggt)
[21:45:40] 1 tRNA-Met [1725,1801] 35 (cat)
[21:45:40] 1 tRNA-Leu [10643,10728] 35 (caa)
[21:45:41] 1 tRNA-Arg [10498,10574] 35 (tct)
[21:45:41] 1 tRNA-Gly c[2388,2461] 33 (tcc)
[21:45:41] 1 tRNA-Gln c[2553,2627] 33 (ctg)
[21:45:41] 1 tRNA-Glu [66,140] 34 (ttc)
[21:45:41] 2 tRNA-Lys [5582,5657] 34 (ctt)
[21:45:41] 1 tRNA-Gln c[1480,1554] 33 (ttg)
[21:45:41] 2 tRNA-His c[1560,1636] 35 (gtg)
[21:45:41] 1 tRNA-Pro c[4809,4884] 34 (tgg)
[21:45:41] 1 tRNA-Asn [1930,2005] 34 (gtt)
[21:45:41] Found 46 tRNAs
[21:45:41] Predicting Ribosomal RNAs
[21:45:41] Running Barrnap with 10 threads
[21:45:41] Found 0 rRNAs
[21:45:41] Skipping ncRNA search, enable with --rfam if desired.
[21:45:41] Total of 45 tRNA + rRNA features
[21:45:41] Searching for CRISPR repeats
[21:45:42] CRISPR1 NODE_32_length_13497_cov_3.369811 22 with 12 spacers
[21:45:42] CRISPR2 NODE_83_length_4335_cov_2.829206 4094 with 4 spacers
[21:45:42] Found 2 CRISPRs
[21:45:42] Predicting coding sequences
[21:45:42] Contigs total 1463229 bp, so using single mode
[21:45:42] Running: prodigal -i prokka_out\/bin_demo\.7\.permissive\/bin_demo\.7\.permissive\.fna -c -m -g 11 -p single -f sco -q
[21:45:43] Excluding CDS which overlaps existing RNA (tRNA) at NODE_1_length_176373_cov_3.878385:139361..139612 on + strand
[21:45:43] Excluding CDS which overlaps existing RNA (tRNA) at NODE_1_length_176373_cov_3.878385:143865..144122 on + strand
[21:45:44] Found 1560 CDS
[21:45:44] Connecting features back to sequences
[21:45:44] Not using genus-specific database. Try --usegenus to enable it.
[21:45:44] Annotating CDS, please be patient.
[21:45:44] Will use 10 CPUs for similarity searching.
[21:45:44] There are still 1560 unannotated CDS left (started with 1560)
[21:45:44] Will use blast to search against /opt/spack/opt/spack/linux-centos8-x86_64/gcc-9.3.0/anaconda3-2020.11-eofni6wqgiwzxofemlpw2qhivqi5lp4z/envs/prokka/db/kingdom/Bacteria/IS with 10 CPUs
[21:45:44] Running: cat prokka_out\/bin_demo\.7\.permissive\/bin_demo\.7\.permissive\.IS\.tmp\.158816\.faa | parallel --gnu --plain -j 10 --block 21340 --recstart '>' --pipe blastp -query - -db /opt/spack/opt/spack/linux-centos8-x86_64/gcc-9.3.0/anaconda3-2020.11-eofni6wqgiwzxofemlpw2qhivqi5lp4z/envs/prokka/db/kingdom/Bacteria/IS -evalue 1e-30 -qcov_hsp_perc 90 -num_threads 1 -num_descriptions 1 -num_alignments 1 -seg no > prokka_out\/bin_demo\.7\.permissive\/bin_demo\.7\.permissive\.IS\.tmp\.158816\.blast 2> /dev/null
[21:45:50] Deleting unwanted file: prokka_out/bin_demo.7.permissive/bin_demo.7.permissive.IS.tmp.158816.faa
[21:45:50] Deleting unwanted file: prokka_out/bin_demo.7.permissive/bin_demo.7.permissive.IS.tmp.158816.blast
[21:45:51] There are still 1558 unannotated CDS left (started with 1560)
[21:45:51] Will use blast to search against /opt/spack/opt/spack/linux-centos8-x86_64/gcc-9.3.0/anaconda3-2020.11-eofni6wqgiwzxofemlpw2qhivqi5lp4z/envs/prokka/db/kingdom/Bacteria/AMR with 10 CPUs
[21:45:51] Running: cat prokka_out\/bin_demo\.7\.permissive\/bin_demo\.7\.permissive\.AMR\.tmp\.158816\.faa | parallel --gnu --plain -j 10 --block 21310 --recstart '>' --pipe blastp -query - -db /opt/spack/opt/spack/linux-centos8-x86_64/gcc-9.3.0/anaconda3-2020.11-eofni6wqgiwzxofemlpw2qhivqi5lp4z/envs/prokka/db/kingdom/Bacteria/AMR -evalue 9.99999999999999e-301 -qcov_hsp_perc 90 -num_threads 1 -num_descriptions 1 -num_alignments 1 -seg no > prokka_out\/bin_demo\.7\.permissive\/bin_demo\.7\.permissive\.AMR\.tmp\.158816\.blast 2> /dev/null
[21:45:56] Deleting unwanted file: prokka_out/bin_demo.7.permissive/bin_demo.7.permissive.AMR.tmp.158816.faa
[21:45:56] Deleting unwanted file: prokka_out/bin_demo.7.permissive/bin_demo.7.permissive.AMR.tmp.158816.blast
[21:45:57] There are still 1558 unannotated CDS left (started with 1560)
[21:45:57] Will use blast to search against /opt/spack/opt/spack/linux-centos8-x86_64/gcc-9.3.0/anaconda3-2020.11-eofni6wqgiwzxofemlpw2qhivqi5lp4z/envs/prokka/db/kingdom/Bacteria/sprot with 10 CPUs
[21:45:57] Running: cat prokka_out\/bin_demo\.7\.permissive\/bin_demo\.7\.permissive\.sprot\.tmp\.158816\.faa | parallel --gnu --plain -j 10 --block 21310 --recstart '>' --pipe blastp -query - -db /opt/spack/opt/spack/linux-centos8-x86_64/gcc-9.3.0/anaconda3-2020.11-eofni6wqgiwzxofemlpw2qhivqi5lp4z/envs/prokka/db/kingdom/Bacteria/sprot -evalue 1e-09 -qcov_hsp_perc 80 -num_threads 1 -num_descriptions 1 -num_alignments 1 -seg no > prokka_out\/bin_demo\.7\.permissive\/bin_demo\.7\.permissive\.sprot\.tmp\.158816\.blast 2> /dev/null
[21:46:19] Modify product: UPF0173 metal-dependent hydrolase TM_1162 => hypothetical protein
[21:46:19] Modify product: Uncharacterized protein YjbR => putative protein YjbR
[21:46:19] Modify product: Probable transcriptional regulatory protein YebC => putative transcriptional regulatory protein YebC
[21:46:19] Modify product: TelA-like protein SA1238 => TelA-like protein
[21:46:19] Modify product: Transcriptional repressor SmtB homolog => Transcriptional repressor SmtB 
[21:46:19] Modify product: UPF0073 inner membrane protein YqfA => hypothetical protein
[21:46:19] Modify product: Ribonuclease TTHA0252 => Ribonuclease
[21:46:19] Modify product: UPF0758 protein YsxA => hypothetical protein
[21:46:19] Modify product: UPF0758 protein YsxA => hypothetical protein
[21:46:19] Modify product: UPF0173 metal-dependent hydrolase TM_1162 => hypothetical protein
[21:46:19] Modify product: Uncharacterized protein YjbR => putative protein YjbR
[21:46:19] Modify product: Nucleotidase CA_C3379 => Nucleotidase
[21:46:19] Modify product: Probable peptidoglycan glycosyltransferase FtsW => putative peptidoglycan glycosyltransferase FtsW
[21:46:19] Modify product: Probable CtpA-like serine protease => putative CtpA-like serine protease
[21:46:19] Modify product: Probable GTP-binding protein EngB => putative GTP-binding protein EngB
[21:46:19] Modify product: Probable uridylyltransferase SA1974 => putative uridylyltransferase
[21:46:19] Modify product: UPF0297 protein M6_Spy1796 => hypothetical protein
[21:46:19] Modify product: Probable sporulation protein YlmC => putative sporulation protein YlmC
[21:46:19] Modify product: UPF0749 protein Rv1825 => hypothetical protein
[21:46:19] Modify product: UPF0749 protein YlxW => hypothetical protein
[21:46:19] Modify product: Uncharacterized ABC transporter ATP-binding protein Rv0986 => putative ABC transporter ATP-binding protein
[21:46:19] Modify product: 1,4-alpha-glucan branching enzyme TTHA1902 => 1,4-alpha-glucan branching enzyme
[21:46:19] Modify product: Uncharacterized glycosyltransferase sll0501 => putative glycosyltransferase
[21:46:19] Modify product: Peptidoglycan-N-acetylglucosamine deacetylase BC_1960 => Peptidoglycan-N-acetylglucosamine deacetylase
[21:46:19] Modify product: Uncharacterized protein YqeN => putative protein YqeN
[21:46:19] Modify product: 23S rRNA 5-hydroxycytidine C2501 synthase => 23S rRNA 5-hydroxycytidine synthase
[21:46:19] Modify product: GTP-binding protein TypA/BipA homolog => GTP-binding protein TypA/BipA 
[21:46:19] Modify product: Uncharacterized zinc protease Rv2782c => putative zinc protease
[21:46:19] Modify product: Uncharacterized protein YqeY => putative protein YqeY
[21:46:19] Modify product: Probable murein peptide carboxypeptidase => putative murein peptide carboxypeptidase
[21:46:19] Modify product: UPF0053 inner membrane protein YfjD => hypothetical protein
[21:46:19] Modify product: Uncharacterized protein BHWA1_00569 => putative protein
[21:46:19] Modify product: Uncharacterized protein HI_0291 => putative protein
[21:46:19] Modify product: Probable cysteine desulfurase => putative cysteine desulfurase
[21:46:19] Modify product: UPF0051 protein SA0778 => hypothetical protein
[21:46:19] Modify product: Probable ATP-dependent transporter SufC => putative ATP-dependent transporter SufC
[21:46:20] Modify product: Probable manganese catalase => putative manganese catalase
[21:46:20] Modify product: Probable Hsp20 family chaperone => putative Hsp20 family chaperone
[21:46:20] Modify product: UPF0702 transmembrane protein YetF => hypothetical protein
[21:46:20] Modify product: Probable uridylyltransferase SA1974 => putative uridylyltransferase
[21:46:20] Modify product: Uncharacterized ABC transporter ATP-binding protein YbiT => putative ABC transporter ATP-binding protein YbiT
[21:46:20] Modify product: UPF0182 protein MSMEG_1959/MSMEI_1915 => hypothetical protein
[21:46:20] Modify product: Probable chaperone CsaA => putative chaperone CsaA
[21:46:20] Modify product: Probable M18 family aminopeptidase 1 => putative M18 family aminopeptidase 1
[21:46:20] Modify product: Uncharacterized protein Rv1488 => putative protein
[21:46:20] Modify product: UPF0701 protein HI_0467 => hypothetical protein
[21:46:20] Modify product: Bifunctional protein FolD => Bifunctional protein FolD protein
[21:46:20] Modify product: RNA-binding protein HI_1333 => RNA-binding protein
[21:46:20] Modify product: Probable ribosomal protein YlxQ => putative ribosomal protein YlxQ
[21:46:20] Modify product: Uncharacterized ABC transporter ATP-binding protein TM_0288 => putative ABC transporter ATP-binding protein
[21:46:20] Modify product: Uncharacterized ABC transporter ATP-binding protein Rv1273c => putative ABC transporter ATP-binding protein
[21:46:20] Modify product: Uncharacterized periplasmic iron-binding protein HI_0362 => putative periplasmic iron-binding protein
[21:46:20] Modify product: Probable dual-specificity RNA methyltransferase RlmN => putative dual-specificity RNA methyltransferase RlmN
[21:46:20] Modify product: UPF0173 metal-dependent hydrolase TM_1162 => hypothetical protein
[21:46:20] Modify product: Uncharacterized metal-dependent hydrolase YcfH => putative metal-dependent hydrolase YcfH
[21:46:20] Modify product: Nucleoid-associated protein Cthe_2143 => Nucleoid-associated protein
[21:46:20] Modify product: Probable multidrug ABC transporter ATP-binding protein YbhF => putative multidrug ABC transporter ATP-binding protein YbhF
[21:46:20] Cleaned 57 /product names
[21:46:20] Deleting unwanted file: prokka_out/bin_demo.7.permissive/bin_demo.7.permissive.sprot.tmp.158816.faa
[21:46:20] Deleting unwanted file: prokka_out/bin_demo.7.permissive/bin_demo.7.permissive.sprot.tmp.158816.blast
[21:46:20] There are still 1012 unannotated CDS left (started with 1560)
[21:46:20] Will use hmmer3 to search against /opt/spack/opt/spack/linux-centos8-x86_64/gcc-9.3.0/anaconda3-2020.11-eofni6wqgiwzxofemlpw2qhivqi5lp4z/envs/prokka/db/hmm/HAMAP.hmm with 10 CPUs
[21:46:20] Running: cat prokka_out\/bin_demo\.7\.permissive\/bin_demo\.7\.permissive\.HAMAP\.hmm\.tmp\.158816\.faa | parallel --gnu --plain -j 10 --block 11924 --recstart '>' --pipe hmmscan --noali --notextw --acc -E 1e-09 --cpu 1 /opt/spack/opt/spack/linux-centos8-x86_64/gcc-9.3.0/anaconda3-2020.11-eofni6wqgiwzxofemlpw2qhivqi5lp4z/envs/prokka/db/hmm/HAMAP.hmm /dev/stdin > prokka_out\/bin_demo\.7\.permissive\/bin_demo\.7\.permissive\.HAMAP\.hmm\.tmp\.158816\.hmmer3 2> /dev/null
[21:46:32] Deleting unwanted file: prokka_out/bin_demo.7.permissive/bin_demo.7.permissive.HAMAP.hmm.tmp.158816.faa
[21:46:32] Deleting unwanted file: prokka_out/bin_demo.7.permissive/bin_demo.7.permissive.HAMAP.hmm.tmp.158816.hmmer3
[21:46:32] Labelling remaining 932 proteins as 'hypothetical protein'
[21:46:32] Possible /pseudo 'Queuine tRNA-ribosyltransferase' at NODE_2_length_61409_cov_2.892688 position 39276
[21:46:32] Possible /pseudo 'tRNA-dihydrouridine synthase B' at NODE_12_length_26881_cov_2.865876 position 2548
[21:46:32] Possible /pseudo 'tRNA-dihydrouridine synthase B' at NODE_12_length_26881_cov_2.865876 position 3059
[21:46:32] Possible /pseudo 'tRNA modification GTPase MnmE' at NODE_13_length_26460_cov_2.891119 position 10302
[21:46:32] Possible /pseudo 'Competence protein ComM' at NODE_32_length_13497_cov_3.369811 position 7633
[21:46:32] Possible /pseudo 'putative ABC transporter ATP-binding protein' at NODE_55_length_8606_cov_2.831248 position 6650
[21:46:32] Possible /pseudo 'Heat-inducible transcription repressor HrcA' at NODE_71_length_6229_cov_2.612407 position 1762
[21:46:32] Possible /pseudo 'Magnesium-transporting ATPase, P-type 1' at NODE_79_length_5033_cov_3.191241 position 4337
[21:46:32] Possible /pseudo 'Tyrosine recombinase XerC' at NODE_80_length_4678_cov_3.165910 position 3252
[21:46:32] Found 525 unique /gene codes.
[21:46:32] Fixed 2 duplicate /gene - hrcA_1 hrcA_2
[21:46:32] Fixed 2 duplicate /gene - ackA_1 ackA_2
[21:46:32] Fixed 2 duplicate /gene - tagU_1 tagU_2
[21:46:32] Fixed 2 duplicate /gene - mtgA_1 mtgA_2
[21:46:32] Fixed 2 duplicate /gene - ruvB_1 ruvB_2
[21:46:32] Fixed 2 duplicate /gene - yjbR_1 yjbR_2
[21:46:32] Fixed 3 duplicate /gene - idi_1 idi_2 idi_3
[21:46:32] Fixed 2 duplicate /gene - tgt_1 tgt_2
[21:46:32] Fixed 2 duplicate /gene - gmk_1 gmk_2
[21:46:32] Fixed 2 duplicate /gene - polC_1 polC_2
[21:46:32] Fixed 2 duplicate /gene - murE_1 murE_2
[21:46:32] Fixed 2 duplicate /gene - dltA_1 dltA_2
[21:46:32] Fixed 2 duplicate /gene - pgsA_1 pgsA_2
[21:46:32] Fixed 4 duplicate /gene - xerC_1 xerC_2 xerC_3 xerC_4
[21:46:32] Fixed 2 duplicate /gene - rpsF_1 rpsF_2
[21:46:32] Fixed 3 duplicate /gene - dusB_1 dusB_2 dusB_3
[21:46:32] Fixed 2 duplicate /gene - nrdD_1 nrdD_2
[21:46:32] Fixed 2 duplicate /gene - recD2_1 recD2_2
[21:46:32] Fixed 2 duplicate /gene - spoVG_1 spoVG_2
[21:46:32] Fixed 2 duplicate /gene - rnhA_1 rnhA_2
[21:46:32] Fixed 2 duplicate /gene - comM_1 comM_2
[21:46:32] Fixed 2 duplicate /gene - ugtP_1 ugtP_2
[21:46:32] Fixed 2 duplicate /gene - greA_1 greA_2
[21:46:32] Fixed 2 duplicate /gene - rluC_1 rluC_2
[21:46:32] Fixed 2 duplicate /gene - ppa_1 ppa_2
[21:46:32] Fixed 3 duplicate /gene - hup_1 hup_2 hup_3
[21:46:32] Fixed 2 duplicate /gene - rluD_1 rluD_2
[21:46:32] Fixed 2 duplicate /gene - clpP_1 clpP_2
[21:46:32] Fixed 2 duplicate /gene - spoIIID_1 spoIIID_2
[21:46:32] Fixed 3 duplicate /gene - sasA_1 sasA_2 sasA_3
[21:46:32] Fixed 3 duplicate /gene - dnaJ_1 dnaJ_2 dnaJ_3
[21:46:32] Fixed 2 duplicate /gene - cmk_1 cmk_2
[21:46:32] Fixed 2 duplicate /gene - mnmE_1 mnmE_2
[21:46:32] Fixed 2 duplicate /gene - spoVB_1 spoVB_2
[21:46:32] Fixed 3 duplicate /gene - dacF_1 dacF_2 dacF_3
[21:46:32] Fixed 2 duplicate /gene - clpC_1 clpC_2
[21:46:32] Fixed 2 duplicate /gene - smc_1 smc_2
[21:46:32] Fixed 2 duplicate /gene - moaA_1 moaA_2
[21:46:32] Fixed 2 duplicate /gene - soj_1 soj_2
[21:46:32] Fixed 2 duplicate /gene - spoVD_1 spoVD_2
[21:46:32] Fixed 3 duplicate /gene - zupT_1 zupT_2 zupT_3
[21:46:32] Fixed 41 colliding /gene names.
[21:46:32] Adding /locus_tag identifiers
[21:46:33] Assigned 1606 locus_tags to CDS and RNA features.
[21:46:33] Writing outputs to prokka_out/bin_demo.7.permissive/
[21:46:35] Generating annotation statistics file
[21:46:35] Generating Genbank and Sequin files
[21:46:35] Running: tbl2asn -V b -a r10k -l paired-ends -M n -N 1 -y 'Annotated using prokka 1.14.6 from https://github.com/tseemann/prokka' -Z prokka_out\/bin_demo\.7\.permissive\/bin_demo\.7\.permissive\.err -i prokka_out\/bin_demo\.7\.permissive\/bin_demo\.7\.permissive\.fsa 2> /dev/null
[21:46:41] Deleting unwanted file: prokka_out/bin_demo.7.permissive/errorsummary.val
[21:46:41] Deleting unwanted file: prokka_out/bin_demo.7.permissive/bin_demo.7.permissive.dr
[21:46:41] Deleting unwanted file: prokka_out/bin_demo.7.permissive/bin_demo.7.permissive.fixedproducts
[21:46:41] Deleting unwanted file: prokka_out/bin_demo.7.permissive/bin_demo.7.permissive.ecn
[21:46:41] Deleting unwanted file: prokka_out/bin_demo.7.permissive/bin_demo.7.permissive.val
[21:46:41] Repairing broken .GBK output that tbl2asn produces...
[21:46:41] Running: sed 's/COORDINATES: profile/COORDINATES:profile/' < prokka_out\/bin_demo\.7\.permissive\/bin_demo\.7\.permissive\.gbf > prokka_out\/bin_demo\.7\.permissive\/bin_demo\.7\.permissive\.gbk
[21:46:41] Deleting unwanted file: prokka_out/bin_demo.7.permissive/bin_demo.7.permissive.gbf
[21:46:41] Output files:
[21:46:41] prokka_out/bin_demo.7.permissive/bin_demo.7.permissive.log
[21:46:41] prokka_out/bin_demo.7.permissive/bin_demo.7.permissive.fna
[21:46:41] prokka_out/bin_demo.7.permissive/bin_demo.7.permissive.gff
[21:46:41] prokka_out/bin_demo.7.permissive/bin_demo.7.permissive.faa
[21:46:41] prokka_out/bin_demo.7.permissive/bin_demo.7.permissive.ffn
[21:46:41] prokka_out/bin_demo.7.permissive/bin_demo.7.permissive.tbl
[21:46:41] prokka_out/bin_demo.7.permissive/bin_demo.7.permissive.fsa
[21:46:41] prokka_out/bin_demo.7.permissive/bin_demo.7.permissive.tsv
[21:46:41] prokka_out/bin_demo.7.permissive/bin_demo.7.permissive.txt
[21:46:41] prokka_out/bin_demo.7.permissive/bin_demo.7.permissive.err
[21:46:41] prokka_out/bin_demo.7.permissive/bin_demo.7.permissive.sqn
[21:46:41] prokka_out/bin_demo.7.permissive/bin_demo.7.permissive.gbk
[21:46:41] Annotation finished successfully.
[21:46:41] Walltime used: 1.03 minutes
[21:46:41] If you use this result please cite the Prokka paper:
[21:46:41] Seemann T (2014) Prokka: rapid prokaryotic genome annotation. Bioinformatics. 30(14):2068-9.
[21:46:41] Type 'prokka --citation' for more details.
[21:46:41] Thank you, come again.
