[2021-11-17 19:26:07,076] multiqc                                            [DEBUG  ]  This is MultiQC v1.11
[2021-11-17 19:26:07,076] multiqc                                            [DEBUG  ]  No MultiQC config found: /home/joaquim.junior/.conda/envs/multiqc/lib/python3.8/site-packages/multiqc_config.yaml
[2021-11-17 19:26:07,076] multiqc                                            [DEBUG  ]  No MultiQC config found: /home/joaquim.junior/.multiqc_config.yaml
[2021-11-17 19:26:07,077] multiqc                                            [DEBUG  ]  No MultiQC config found: multiqc_config.yaml
[2021-11-17 19:26:07,077] multiqc                                            [DEBUG  ]  Command used: /home/joaquim.junior/.conda/envs/multiqc/bin/multiqc . -o ./multiqc_out
[2021-11-17 19:26:12,869] multiqc                                            [DEBUG  ]  Could not connect to multiqc.info for version check: <urlopen error timed out>
[2021-11-17 19:26:12,870] multiqc                                            [DEBUG  ]  Command     : /home/joaquim.junior/.conda/envs/multiqc/bin/multiqc . -o ./multiqc_out
[2021-11-17 19:26:12,870] multiqc                                            [DEBUG  ]  Working dir : /home/joaquim.junior/work/omics_course/analysis/CLEAN_READS_err_fastp
[2021-11-17 19:26:12,870] multiqc                                            [DEBUG  ]  Template    : default
[2021-11-17 19:26:12,870] multiqc                                            [DEBUG  ]  Running Python 3.8.11 (default, Aug  3 2021, 15:09:35)  [GCC 7.5.0]
[2021-11-17 19:26:12,871] multiqc                                            [DEBUG  ]  Analysing modules: custom_content, ccs, ngsderive, purple, conpair, lima, peddy, somalier, methylQA, mosdepth, phantompeakqualtools, qualimap, preseq, quast, qorts, rna_seqc, rockhopper, rsem, rseqc, busco, bustools, goleft_indexcov, gffcompare, disambiguate, supernova, deeptools, sargasso, verifybamid, mirtrace, happy, mirtop, sambamba, homer, hops, macs2, theta2, snpeff, gatk, htseq, bcftools, featureCounts, fgbio, dragen, dedup, damageprofiler, biobambam2, jcvi, mtnucratio, picard, vep, sentieon, prokka, qc3C, nanostat, samblaster, samtools, sexdeterrmine, eigenstratdatabasetools, bamtools, jellyfish, vcftools, longranger, stacks, varscan2, snippy, bbmap, bismark, biscuit, hicexplorer, hicup, hicpro, salmon, kallisto, slamdunk, star, hisat2, tophat, bowtie2, bowtie1, snpsplit, odgi, pangolin, kat, leehom, adapterRemoval, clipandmerge, cutadapt, flexbar, kaiju, kraken, malt, trimmomatic, sickle, skewer, sortmerna, biobloomtools, fastq_screen, afterqc, fastp, fastqc, pychopper, pycoqc, minionqc, multivcfanalyzer, clusterflow, bcl2fastq, bclconvert, interop, ivar, flash, seqyclean, optitype
[2021-11-17 19:26:12,871] multiqc                                            [DEBUG  ]  Using temporary directory for creating report: /tmp/tmp7qi84t20
[2021-11-17 19:26:13,507] multiqc                                            [INFO   ]  Search path : /home/joaquim.junior/work/omics_course/analysis/CLEAN_READS_err_fastp
[2021-11-17 19:26:13,517] multiqc                                            [DEBUG  ]  Ignoring file as matched an ignore pattern: ERR011347_1.CLEAN_unpaired.fastq
[2021-11-17 19:26:13,517] multiqc                                            [DEBUG  ]  Ignoring file as matched an ignore pattern: ERR011347_2.CLEAN_unpaired.fastq
[2021-11-17 19:26:13,518] multiqc                                            [DEBUG  ]  Ignoring file as matched an ignore pattern: ERR011347_1.CLEAN.fastq
[2021-11-17 19:26:13,518] multiqc                                            [DEBUG  ]  Ignoring file as matched an ignore pattern: ERR011347_2.CLEAN.fastq
[2021-11-17 19:26:13,541] multiqc                                            [DEBUG  ]  File ignored by ccs/v4 because it exceeded search pattern filesize limit: err011347_fastp.html
[2021-11-17 19:26:13,544] multiqc                                            [DEBUG  ]  File ignored by hicexplorer because it exceeded search pattern filesize limit: err011347_fastp.html
[2021-11-17 19:26:13,544] multiqc                                            [DEBUG  ]  File ignored by nanostat because it exceeded search pattern filesize limit: err011347_fastp.html
[2021-11-17 19:26:13,544] multiqc                                            [DEBUG  ]  File ignored by lima/summary because it exceeded search pattern filesize limit: err011347_fastp.html
[2021-11-17 19:26:13,549] multiqc                                            [DEBUG  ]  File ignored by vep/vep_txt because it exceeded search pattern filesize limit: err011347_fastp.html
[2021-11-17 19:26:13,549] multiqc                                            [DEBUG  ]  File ignored by longranger/invocation because it exceeded search pattern filesize limit: err011347_fastp.html
[2021-11-17 19:26:13,709] multiqc                                            [DEBUG  ]  Ignoring file as matched an ignore pattern: ERR011348_1.CLEAN_unpaired.fastq
[2021-11-17 19:26:13,710] multiqc                                            [DEBUG  ]  Ignoring file as matched an ignore pattern: ERR011348_2.CLEAN_unpaired.fastq
[2021-11-17 19:26:13,710] multiqc                                            [DEBUG  ]  Ignoring file as matched an ignore pattern: ERR011348_1.CLEAN.fastq
[2021-11-17 19:26:13,710] multiqc                                            [DEBUG  ]  Ignoring file as matched an ignore pattern: ERR011348_2.CLEAN.fastq
[2021-11-17 19:26:13,716] multiqc                                            [DEBUG  ]  File ignored by ccs/v4 because it exceeded search pattern filesize limit: err011348_fastp.html
[2021-11-17 19:26:13,718] multiqc                                            [DEBUG  ]  File ignored by hicexplorer because it exceeded search pattern filesize limit: err011348_fastp.html
[2021-11-17 19:26:13,718] multiqc                                            [DEBUG  ]  File ignored by nanostat because it exceeded search pattern filesize limit: err011348_fastp.html
[2021-11-17 19:26:13,718] multiqc                                            [DEBUG  ]  File ignored by lima/summary because it exceeded search pattern filesize limit: err011348_fastp.html
[2021-11-17 19:26:13,721] multiqc                                            [DEBUG  ]  File ignored by vep/vep_txt because it exceeded search pattern filesize limit: err011348_fastp.html
[2021-11-17 19:26:13,722] multiqc                                            [DEBUG  ]  File ignored by longranger/invocation because it exceeded search pattern filesize limit: err011348_fastp.html
[2021-11-17 19:26:13,890] multiqc                                            [DEBUG  ]  Ignoring file as matched an ignore pattern: ERR011349_1.CLEAN_unpaired.fastq
[2021-11-17 19:26:13,890] multiqc                                            [DEBUG  ]  Ignoring file as matched an ignore pattern: ERR011349_2.CLEAN_unpaired.fastq
[2021-11-17 19:26:13,890] multiqc                                            [DEBUG  ]  Ignoring file as matched an ignore pattern: ERR011349_1.CLEAN.fastq
[2021-11-17 19:26:13,890] multiqc                                            [DEBUG  ]  Ignoring file as matched an ignore pattern: ERR011349_2.CLEAN.fastq
[2021-11-17 19:26:13,983] multiqc                                            [DEBUG  ]  File ignored by ccs/v4 because it exceeded search pattern filesize limit: err011349_fastp.html
[2021-11-17 19:26:13,985] multiqc                                            [DEBUG  ]  File ignored by hicexplorer because it exceeded search pattern filesize limit: err011349_fastp.html
[2021-11-17 19:26:13,985] multiqc                                            [DEBUG  ]  File ignored by nanostat because it exceeded search pattern filesize limit: err011349_fastp.html
[2021-11-17 19:26:13,985] multiqc                                            [DEBUG  ]  File ignored by lima/summary because it exceeded search pattern filesize limit: err011349_fastp.html
[2021-11-17 19:26:13,989] multiqc                                            [DEBUG  ]  File ignored by vep/vep_txt because it exceeded search pattern filesize limit: err011349_fastp.html
[2021-11-17 19:26:13,989] multiqc                                            [DEBUG  ]  File ignored by longranger/invocation because it exceeded search pattern filesize limit: err011349_fastp.html
[2021-11-17 19:26:18,693] multiqc.plots.bargraph                             [DEBUG  ]  Using matplotlib version 3.2.2
[2021-11-17 19:26:18,696] multiqc.plots.linegraph                            [DEBUG  ]  Using matplotlib version 3.2.2
[2021-11-17 19:26:18,699] multiqc                                            [DEBUG  ]  No samples found: custom_content
[2021-11-17 19:26:18,709] multiqc                                            [DEBUG  ]  No samples found: ccs
[2021-11-17 19:26:18,728] multiqc                                            [DEBUG  ]  No samples found: ngsderive
[2021-11-17 19:26:18,788] multiqc                                            [DEBUG  ]  No samples found: purple
[2021-11-17 19:26:18,815] multiqc                                            [DEBUG  ]  No samples found: conpair
[2021-11-17 19:26:18,852] multiqc                                            [DEBUG  ]  No samples found: lima
[2021-11-17 19:26:18,888] multiqc                                            [DEBUG  ]  No samples found: peddy
[2021-11-17 19:26:18,957] multiqc                                            [DEBUG  ]  No samples found: somalier
[2021-11-17 19:26:19,051] multiqc                                            [DEBUG  ]  No samples found: methylQA
[2021-11-17 19:26:19,201] multiqc.modules.mosdepth.mosdepth                  [DEBUG  ]  include_contigs: []
[2021-11-17 19:26:19,201] multiqc.modules.mosdepth.mosdepth                  [DEBUG  ]  exclude_contigs: []
[2021-11-17 19:26:19,201] multiqc                                            [DEBUG  ]  No samples found: mosdepth
[2021-11-17 19:26:19,210] multiqc                                            [DEBUG  ]  No samples found: phantompeakqualtools
[2021-11-17 19:26:19,234] multiqc                                            [DEBUG  ]  No samples found: qualimap
[2021-11-17 19:26:19,304] multiqc                                            [DEBUG  ]  No samples found: preseq
[2021-11-17 19:26:19,359] multiqc                                            [DEBUG  ]  No samples found: quast
[2021-11-17 19:26:19,368] multiqc                                            [DEBUG  ]  No samples found: qorts
[2021-11-17 19:26:19,413] multiqc                                            [DEBUG  ]  No samples found: rna_seqc
[2021-11-17 19:26:19,442] multiqc                                            [DEBUG  ]  No samples found: rockhopper
[2021-11-17 19:26:19,477] multiqc                                            [DEBUG  ]  No samples found: rsem
[2021-11-17 19:26:19,630] multiqc                                            [DEBUG  ]  No samples found: rseqc
[2021-11-17 19:26:19,786] multiqc                                            [DEBUG  ]  No samples found: busco
[2021-11-17 19:26:21,370] multiqc                                            [DEBUG  ]  No samples found: bustools
[2021-11-17 19:26:21,405] multiqc                                            [DEBUG  ]  No samples found: goleft_indexcov
[2021-11-17 19:26:21,461] multiqc                                            [DEBUG  ]  No samples found: gffcompare
[2021-11-17 19:26:21,598] multiqc                                            [DEBUG  ]  No samples found: disambiguate
[2021-11-17 19:26:21,882] multiqc                                            [DEBUG  ]  No samples found: supernova
[2021-11-17 19:26:22,390] multiqc                                            [DEBUG  ]  No samples found: deeptools
[2021-11-17 19:26:22,466] multiqc                                            [DEBUG  ]  No samples found: sargasso
[2021-11-17 19:26:22,475] multiqc                                            [DEBUG  ]  No samples found: verifybamid
[2021-11-17 19:26:22,495] multiqc                                            [DEBUG  ]  No samples found: mirtrace
[2021-11-17 19:26:22,504] multiqc                                            [DEBUG  ]  No samples found: happy
[2021-11-17 19:26:22,542] multiqc                                            [DEBUG  ]  No samples found: mirtop
[2021-11-17 19:26:22,572] multiqc                                            [DEBUG  ]  No samples found: sambamba
[2021-11-17 19:26:22,607] multiqc                                            [DEBUG  ]  No samples found: homer
[2021-11-17 19:26:22,662] multiqc                                            [DEBUG  ]  No samples found: hops
[2021-11-17 19:26:22,703] multiqc                                            [DEBUG  ]  No samples found: macs2
[2021-11-17 19:26:22,728] multiqc                                            [DEBUG  ]  No samples found: theta2
[2021-11-17 19:26:22,772] multiqc                                            [DEBUG  ]  No samples found: snpeff
[2021-11-17 19:26:22,798] multiqc                                            [DEBUG  ]  No samples found: gatk
[2021-11-17 19:26:22,831] multiqc                                            [DEBUG  ]  No samples found: htseq
[2021-11-17 19:26:22,857] multiqc                                            [DEBUG  ]  No samples found: bcftools
[2021-11-17 19:26:22,890] multiqc                                            [DEBUG  ]  No samples found: featureCounts
[2021-11-17 19:26:23,042] multiqc                                            [DEBUG  ]  No samples found: fgbio
[2021-11-17 19:26:23,246] multiqc                                            [DEBUG  ]  No samples found: dragen
[2021-11-17 19:26:23,257] multiqc                                            [DEBUG  ]  No samples found: dedup
[2021-11-17 19:26:23,284] multiqc                                            [DEBUG  ]  No samples found: damageprofiler
[2021-11-17 19:26:23,478] multiqc                                            [DEBUG  ]  No samples found: biobambam2
[2021-11-17 19:26:23,498] multiqc                                            [DEBUG  ]  No samples found: jcvi
[2021-11-17 19:26:23,544] multiqc                                            [DEBUG  ]  No samples found: mtnucratio
[2021-11-17 19:26:23,550] multiqc                                            [DEBUG  ]  No samples found: picard
[2021-11-17 19:26:23,575] multiqc                                            [DEBUG  ]  No samples found: vep
[2021-11-17 19:26:23,609] multiqc                                            [DEBUG  ]  No samples found: sentieon
[2021-11-17 19:26:23,646] multiqc                                            [DEBUG  ]  No samples found: prokka
[2021-11-17 19:26:23,669] multiqc                                            [DEBUG  ]  No samples found: qc3C
[2021-11-17 19:26:23,689] multiqc                                            [DEBUG  ]  No samples found: nanostat
[2021-11-17 19:26:23,719] multiqc                                            [DEBUG  ]  No samples found: samblaster
[2021-11-17 19:26:23,816] multiqc                                            [DEBUG  ]  No samples found: samtools
[2021-11-17 19:26:23,827] multiqc                                            [DEBUG  ]  No samples found: sexdeterrmine
[2021-11-17 19:26:23,869] multiqc                                            [DEBUG  ]  No samples found: eigenstratdatabasetools
[2021-11-17 19:26:23,888] multiqc                                            [DEBUG  ]  No samples found: bamtools
[2021-11-17 19:26:23,928] multiqc                                            [DEBUG  ]  No samples found: jellyfish
[2021-11-17 19:26:23,961] multiqc                                            [DEBUG  ]  No samples found: vcftools
[2021-11-17 19:26:23,988] multiqc                                            [DEBUG  ]  No samples found: longranger
[2021-11-17 19:26:24,013] multiqc                                            [DEBUG  ]  No samples found: stacks
[2021-11-17 19:26:24,035] multiqc                                            [DEBUG  ]  No samples found: varscan2
[2021-11-17 19:26:24,045] multiqc                                            [DEBUG  ]  No samples found: snippy
[2021-11-17 19:26:24,220] multiqc                                            [DEBUG  ]  No samples found: bbmap
[2021-11-17 19:26:24,254] multiqc                                            [DEBUG  ]  No samples found: bismark
[2021-11-17 19:26:24,280] multiqc                                            [DEBUG  ]  No samples found: biscuit
[2021-11-17 19:26:24,296] multiqc                                            [DEBUG  ]  No samples found: hicexplorer
[2021-11-17 19:26:24,341] multiqc                                            [DEBUG  ]  No samples found: hicup
[2021-11-17 19:26:24,388] multiqc                                            [DEBUG  ]  No samples found: hicpro
[2021-11-17 19:26:24,414] multiqc                                            [DEBUG  ]  No samples found: salmon
[2021-11-17 19:26:24,434] multiqc                                            [DEBUG  ]  No samples found: kallisto
[2021-11-17 19:26:24,465] multiqc                                            [DEBUG  ]  No samples found: slamdunk
[2021-11-17 19:26:24,474] multiqc                                            [DEBUG  ]  No samples found: star
[2021-11-17 19:26:24,484] multiqc                                            [DEBUG  ]  No samples found: hisat2
[2021-11-17 19:26:24,506] multiqc                                            [DEBUG  ]  No samples found: tophat
[2021-11-17 19:26:24,526] multiqc                                            [DEBUG  ]  No samples found: bowtie2
[2021-11-17 19:26:24,566] multiqc                                            [DEBUG  ]  No samples found: bowtie1
[2021-11-17 19:26:24,620] multiqc                                            [DEBUG  ]  No samples found: snpsplit
[2021-11-17 19:26:24,639] multiqc                                            [DEBUG  ]  No samples found: odgi
[2021-11-17 19:26:24,669] multiqc                                            [DEBUG  ]  No samples found: pangolin
[2021-11-17 19:26:24,678] multiqc                                            [DEBUG  ]  No samples found: kat
[2021-11-17 19:26:24,687] multiqc                                            [DEBUG  ]  No samples found: leehom
[2021-11-17 19:26:24,712] multiqc                                            [DEBUG  ]  No samples found: adapterRemoval
[2021-11-17 19:26:24,742] multiqc                                            [DEBUG  ]  No samples found: clipandmerge
[2021-11-17 19:26:24,803] multiqc                                            [DEBUG  ]  No samples found: cutadapt
[2021-11-17 19:26:24,821] multiqc                                            [DEBUG  ]  No samples found: flexbar
[2021-11-17 19:26:24,856] multiqc                                            [DEBUG  ]  No samples found: kaiju
[2021-11-17 19:26:24,886] multiqc                                            [DEBUG  ]  No samples found: kraken
[2021-11-17 19:26:24,930] multiqc                                            [DEBUG  ]  No samples found: malt
[2021-11-17 19:26:24,961] multiqc                                            [DEBUG  ]  No samples found: trimmomatic
[2021-11-17 19:26:24,992] multiqc                                            [DEBUG  ]  No samples found: sickle
[2021-11-17 19:26:25,015] multiqc                                            [DEBUG  ]  No samples found: skewer
[2021-11-17 19:26:25,054] multiqc                                            [DEBUG  ]  No samples found: sortmerna
[2021-11-17 19:26:25,092] multiqc                                            [DEBUG  ]  No samples found: biobloomtools
[2021-11-17 19:26:25,120] multiqc                                            [DEBUG  ]  No samples found: fastq_screen
[2021-11-17 19:26:25,129] multiqc                                            [DEBUG  ]  No samples found: afterqc
[2021-11-17 19:26:25,167] multiqc.modules.fastp.fastp                        [INFO   ]  Found 3 reports
[2021-11-17 19:26:25,218] multiqc                                            [DEBUG  ]  No samples found: fastqc
[2021-11-17 19:26:25,240] multiqc                                            [DEBUG  ]  No samples found: pychopper
[2021-11-17 19:26:25,250] multiqc                                            [DEBUG  ]  No samples found: pycoqc
[2021-11-17 19:26:25,259] multiqc                                            [DEBUG  ]  No samples found: minionqc
[2021-11-17 19:26:25,280] multiqc                                            [DEBUG  ]  No samples found: multivcfanalyzer
[2021-11-17 19:26:25,299] multiqc                                            [DEBUG  ]  No samples found: clusterflow
[2021-11-17 19:26:25,309] multiqc                                            [DEBUG  ]  No samples found: bcl2fastq
[2021-11-17 19:26:25,330] multiqc                                            [DEBUG  ]  No samples found: bclconvert
[2021-11-17 19:26:25,354] multiqc                                            [DEBUG  ]  No samples found: interop
[2021-11-17 19:26:25,392] multiqc                                            [DEBUG  ]  No samples found: ivar
[2021-11-17 19:26:25,401] multiqc                                            [DEBUG  ]  No samples found: flash
[2021-11-17 19:26:25,410] multiqc                                            [DEBUG  ]  No samples found: seqyclean
[2021-11-17 19:26:25,420] multiqc                                            [DEBUG  ]  No samples found: optitype
[2021-11-17 19:26:25,428] multiqc                                            [INFO   ]  Compressing plot data
[2021-11-17 19:26:25,611] multiqc                                            [INFO   ]  Report      : multiqc_out/multiqc_report.html
[2021-11-17 19:26:25,611] multiqc                                            [INFO   ]  Data        : multiqc_out/multiqc_data
[2021-11-17 19:26:25,611] multiqc                                            [DEBUG  ]  Moving data file from '/tmp/tmp7qi84t20/multiqc_data' to './multiqc_out/multiqc_data'
[2021-11-17 19:26:26,318] multiqc                                            [INFO   ]  MultiQC complete
