[21:41:27] This is prokka 1.14.6
[21:41:27] Written by Torsten Seemann <torsten.seemann@gmail.com>
[21:41:27] Homepage is https://github.com/tseemann/prokka
[21:41:27] Local time is Wed Nov 17 21:41:27 2021
[21:41:27] You are joaquim.junior
[21:41:27] Operating system is linux
[21:41:27] You have BioPerl 1.007002
[21:41:27] System has 32 cores.
[21:41:27] Will use maximum of 10 cores.
[21:41:27] Annotating as >>> Bacteria <<<
[21:41:27] Generating locus_tag from '/home/joaquim.junior/work/omics_course/analysis/bins_consolidated/bin.1.permissive.fa' contents.
[21:41:27] Setting --locustag LLIFIDGN from MD5 552f2d0797a383063988ccfe65853b8a
[21:41:27] Creating new output folder: prokka_out/bin.1.permissive
[21:41:27] Running: mkdir -p prokka_out\/bin\.1\.permissive
[21:41:27] Using filename prefix: bin.1.permissive.XXX
[21:41:27] Setting HMMER_NCPU=1
[21:41:27] Writing log to: prokka_out/bin.1.permissive/bin.1.permissive.log
[21:41:27] Command: /opt/spack/opt/spack/linux-centos8-x86_64/gcc-9.3.0/anaconda3-2020.11-eofni6wqgiwzxofemlpw2qhivqi5lp4z/envs/prokka/bin/prokka --quiet --cpus 10 --outdir prokka_out/bin.1.permissive --prefix bin.1.permissive --addgenes --addmrna --kingdom Bacteria /home/joaquim.junior/work/omics_course/analysis/bins_consolidated/bin.1.permissive.fa
[21:41:27] Appending to PATH: /opt/spack/opt/spack/linux-centos8-x86_64/gcc-9.3.0/anaconda3-2020.11-eofni6wqgiwzxofemlpw2qhivqi5lp4z/envs/prokka/bin
[21:41:27] Looking for 'aragorn' - found /opt/spack/opt/spack/linux-centos8-x86_64/gcc-9.3.0/anaconda3-2020.11-eofni6wqgiwzxofemlpw2qhivqi5lp4z/envs/prokka/bin/aragorn
[21:41:27] Determined aragorn version is 001002 from 'ARAGORN v1.2.38 Dean Laslett'
[21:41:27] Looking for 'barrnap' - found /opt/spack/opt/spack/linux-centos8-x86_64/gcc-9.3.0/anaconda3-2020.11-eofni6wqgiwzxofemlpw2qhivqi5lp4z/envs/prokka/bin/barrnap
[21:41:27] Determined barrnap version is 000009 from 'barrnap 0.9'
[21:41:27] Looking for 'blastp' - found /opt/spack/opt/spack/linux-centos8-x86_64/gcc-9.3.0/anaconda3-2020.11-eofni6wqgiwzxofemlpw2qhivqi5lp4z/envs/prokka/bin/blastp
[21:41:29] Determined blastp version is 002010 from 'blastp: 2.10.1+'
[21:41:29] Looking for 'cmpress' - found /opt/spack/opt/spack/linux-centos8-x86_64/gcc-9.3.0/anaconda3-2020.11-eofni6wqgiwzxofemlpw2qhivqi5lp4z/envs/prokka/bin/cmpress
[21:41:29] Determined cmpress version is 001001 from '# INFERNAL 1.1.3 (Nov 2019)'
[21:41:29] Looking for 'cmscan' - found /opt/spack/opt/spack/linux-centos8-x86_64/gcc-9.3.0/anaconda3-2020.11-eofni6wqgiwzxofemlpw2qhivqi5lp4z/envs/prokka/bin/cmscan
[21:41:29] Determined cmscan version is 001001 from '# INFERNAL 1.1.3 (Nov 2019)'
[21:41:29] Looking for 'egrep' - found /usr/bin/egrep
[21:41:29] Looking for 'find' - found /usr/bin/find
[21:41:29] Looking for 'grep' - found /usr/bin/grep
[21:41:29] Looking for 'hmmpress' - found /opt/spack/opt/spack/linux-centos8-x86_64/gcc-9.3.0/anaconda3-2020.11-eofni6wqgiwzxofemlpw2qhivqi5lp4z/envs/prokka/bin/hmmpress
[21:41:29] Determined hmmpress version is 003003 from '# HMMER 3.3.2 (Nov 2020); http://hmmer.org/'
[21:41:29] Looking for 'hmmscan' - found /opt/spack/opt/spack/linux-centos8-x86_64/gcc-9.3.0/anaconda3-2020.11-eofni6wqgiwzxofemlpw2qhivqi5lp4z/envs/prokka/bin/hmmscan
[21:41:29] Determined hmmscan version is 003003 from '# HMMER 3.3.2 (Nov 2020); http://hmmer.org/'
[21:41:29] Looking for 'java' - found /opt/spack/opt/spack/linux-centos8-x86_64/gcc-9.3.0/anaconda3-2020.11-eofni6wqgiwzxofemlpw2qhivqi5lp4z/envs/prokka/bin/java
[21:41:29] Looking for 'makeblastdb' - found /opt/spack/opt/spack/linux-centos8-x86_64/gcc-9.3.0/anaconda3-2020.11-eofni6wqgiwzxofemlpw2qhivqi5lp4z/envs/prokka/bin/makeblastdb
[21:41:29] Determined makeblastdb version is 002010 from 'makeblastdb: 2.10.1+'
[21:41:29] Looking for 'minced' - found /opt/spack/opt/spack/linux-centos8-x86_64/gcc-9.3.0/anaconda3-2020.11-eofni6wqgiwzxofemlpw2qhivqi5lp4z/envs/prokka/bin/minced
[21:41:30] Determined minced version is 004002 from 'minced 0.4.2'
[21:41:30] Looking for 'parallel' - found /opt/spack/opt/spack/linux-centos8-x86_64/gcc-9.3.0/anaconda3-2020.11-eofni6wqgiwzxofemlpw2qhivqi5lp4z/envs/prokka/bin/parallel
[21:41:30] Determined parallel version is 20201122 from 'GNU parallel 20201122'
[21:41:30] Looking for 'prodigal' - found /opt/spack/opt/spack/linux-centos8-x86_64/gcc-9.3.0/anaconda3-2020.11-eofni6wqgiwzxofemlpw2qhivqi5lp4z/envs/prokka/bin/prodigal
[21:41:31] Determined prodigal version is 002006 from 'Prodigal V2.6.3: February, 2016'
[21:41:31] Looking for 'prokka-genbank_to_fasta_db' - found /opt/spack/opt/spack/linux-centos8-x86_64/gcc-9.3.0/anaconda3-2020.11-eofni6wqgiwzxofemlpw2qhivqi5lp4z/envs/prokka/bin/prokka-genbank_to_fasta_db
[21:41:31] Looking for 'sed' - found /usr/bin/sed
[21:41:31] Looking for 'signalp' - found /opt/spack/opt/spack/linux-centos8-x86_64/gcc-9.3.0/anaconda3-2020.11-eofni6wqgiwzxofemlpw2qhivqi5lp4z/bin/signalp
[21:41:32] Determined signalp version is 005000 from '5.0 86_64'
[21:41:32] Looking for 'tbl2asn' - found /opt/spack/opt/spack/linux-centos8-x86_64/gcc-9.3.0/anaconda3-2020.11-eofni6wqgiwzxofemlpw2qhivqi5lp4z/envs/prokka/bin/tbl2asn
[21:41:32] Determined tbl2asn version is 025007 from 'tbl2asn 25.7   arguments:'
[21:41:32] Using genetic code table 11.
[21:41:32] Loading and checking input file: /home/joaquim.junior/work/omics_course/analysis/bins_consolidated/bin.1.permissive.fa
[21:41:32] Wrote 848 contigs totalling 1130691 bp.
[21:41:32] Predicting tRNAs and tmRNAs
[21:41:32] Running: aragorn -l -gc11  -w prokka_out\/bin\.1\.permissive\/bin\.1\.permissive\.fna
[21:41:33] 1 tRNA-Arg [1863,1939] 35 (ccg)
[21:41:33] 2 tRNA-His [1995,2070] 34 (gtg)
[21:41:33] 3 tRNA-Leu [2094,2180] 35 (cag)
[21:41:33] 4 tRNA-Pro [2223,2299] 35 (tgg)
[21:41:33] 1 tRNA-Ala c[2068,2141] 34 (tgc)
[21:41:33] 1 tRNA-Pro [1024,1100] 35 (cgg)
[21:41:33] 1 tRNA-Asn c[108,183] 34 (gtt)
[21:41:33] 1 tRNA-Pro c[644,720] 35 (ggg)
[21:41:33] Found 8 tRNAs
[21:41:33] Predicting Ribosomal RNAs
[21:41:33] Running Barrnap with 10 threads
[21:41:34] 1 NODE_29_length_2352_cov_4.818022 16 23S ribosomal RNA (partial)
[21:41:34] Found 1 rRNAs
[21:41:34] Skipping ncRNA search, enable with --rfam if desired.
[21:41:34] Total of 9 tRNA + rRNA features
[21:41:34] Searching for CRISPR repeats
[21:41:35] Found 0 CRISPRs
[21:41:35] Predicting coding sequences
[21:41:35] Contigs total 1130691 bp, so using single mode
[21:41:35] Running: prodigal -i prokka_out\/bin\.1\.permissive\/bin\.1\.permissive\.fna -c -m -g 11 -p single -f sco -q
[21:41:37] Found 1193 CDS
[21:41:37] Connecting features back to sequences
[21:41:37] Not using genus-specific database. Try --usegenus to enable it.
[21:41:37] Annotating CDS, please be patient.
[21:41:37] Will use 10 CPUs for similarity searching.
[21:41:37] There are still 1193 unannotated CDS left (started with 1193)
[21:41:37] Will use blast to search against /opt/spack/opt/spack/linux-centos8-x86_64/gcc-9.3.0/anaconda3-2020.11-eofni6wqgiwzxofemlpw2qhivqi5lp4z/envs/prokka/db/kingdom/Bacteria/IS with 10 CPUs
[21:41:37] Running: cat prokka_out\/bin\.1\.permissive\/bin\.1\.permissive\.IS\.tmp\.4022911\.faa | parallel --gnu --plain -j 10 --block 11599 --recstart '>' --pipe blastp -query - -db /opt/spack/opt/spack/linux-centos8-x86_64/gcc-9.3.0/anaconda3-2020.11-eofni6wqgiwzxofemlpw2qhivqi5lp4z/envs/prokka/db/kingdom/Bacteria/IS -evalue 1e-30 -qcov_hsp_perc 90 -num_threads 1 -num_descriptions 1 -num_alignments 1 -seg no > prokka_out\/bin\.1\.permissive\/bin\.1\.permissive\.IS\.tmp\.4022911\.blast 2> /dev/null
[21:41:42] Deleting unwanted file: prokka_out/bin.1.permissive/bin.1.permissive.IS.tmp.4022911.faa
[21:41:42] Deleting unwanted file: prokka_out/bin.1.permissive/bin.1.permissive.IS.tmp.4022911.blast
[21:41:43] There are still 1152 unannotated CDS left (started with 1193)
[21:41:43] Will use blast to search against /opt/spack/opt/spack/linux-centos8-x86_64/gcc-9.3.0/anaconda3-2020.11-eofni6wqgiwzxofemlpw2qhivqi5lp4z/envs/prokka/db/kingdom/Bacteria/AMR with 10 CPUs
[21:41:43] Running: cat prokka_out\/bin\.1\.permissive\/bin\.1\.permissive\.AMR\.tmp\.4022911\.faa | parallel --gnu --plain -j 10 --block 11059 --recstart '>' --pipe blastp -query - -db /opt/spack/opt/spack/linux-centos8-x86_64/gcc-9.3.0/anaconda3-2020.11-eofni6wqgiwzxofemlpw2qhivqi5lp4z/envs/prokka/db/kingdom/Bacteria/AMR -evalue 9.99999999999999e-301 -qcov_hsp_perc 90 -num_threads 1 -num_descriptions 1 -num_alignments 1 -seg no > prokka_out\/bin\.1\.permissive\/bin\.1\.permissive\.AMR\.tmp\.4022911\.blast 2> /dev/null
[21:41:46] Deleting unwanted file: prokka_out/bin.1.permissive/bin.1.permissive.AMR.tmp.4022911.faa
[21:41:46] Deleting unwanted file: prokka_out/bin.1.permissive/bin.1.permissive.AMR.tmp.4022911.blast
[21:41:47] There are still 1152 unannotated CDS left (started with 1193)
[21:41:47] Will use blast to search against /opt/spack/opt/spack/linux-centos8-x86_64/gcc-9.3.0/anaconda3-2020.11-eofni6wqgiwzxofemlpw2qhivqi5lp4z/envs/prokka/db/kingdom/Bacteria/sprot with 10 CPUs
[21:41:47] Running: cat prokka_out\/bin\.1\.permissive\/bin\.1\.permissive\.sprot\.tmp\.4022911\.faa | parallel --gnu --plain -j 10 --block 11059 --recstart '>' --pipe blastp -query - -db /opt/spack/opt/spack/linux-centos8-x86_64/gcc-9.3.0/anaconda3-2020.11-eofni6wqgiwzxofemlpw2qhivqi5lp4z/envs/prokka/db/kingdom/Bacteria/sprot -evalue 1e-09 -qcov_hsp_perc 80 -num_threads 1 -num_descriptions 1 -num_alignments 1 -seg no > prokka_out\/bin\.1\.permissive\/bin\.1\.permissive\.sprot\.tmp\.4022911\.blast 2> /dev/null
[21:41:59] Modify product: Probable lipoprotein YiaD => putative lipoprotein YiaD
[21:41:59] Modify product: UPF0297 protein M6_Spy1796 => hypothetical protein
[21:41:59] Modify product: UPF0597 protein YhaM => hypothetical protein
[21:41:59] Modify product: Uncharacterized protein Rv0481c => putative protein
[21:41:59] Modify product: Cyclic di-GMP phosphodiesterase PA4108 => Cyclic di-GMP phosphodiesterase
[21:41:59] Modify product: Uncharacterized protein YbdM => putative protein YbdM
[21:41:59] Modify product: Nucleoid-associated protein Cthe_2143 => Nucleoid-associated protein
[21:41:59] Modify product: Putative transport protein Rv1101c => Putative transport protein
[21:41:59] Modify product: Probable GTP-binding protein EngB => putative GTP-binding protein EngB
[21:41:59] Modify product: Probable transport protein YifK => putative transport protein YifK
[21:41:59] Modify product: Probable hemoglobin and hemoglobin-haptoglobin-binding protein 2 => putative hemoglobin and hemoglobin-haptoglobin-binding protein 2
[21:41:59] Modify product: 30S ribosomal protein S1 homolog => 30S ribosomal protein S1 
[21:41:59] Modify product: Uncharacterized aminopeptidase Rv1333 => putative aminopeptidase
[21:41:59] Modify product: UPF0758 protein YsxA => hypothetical protein
[21:41:59] Modify product: UPF0149 protein HI_0817 => hypothetical protein
[21:42:00] Modify product: Probable tRNA sulfurtransferase => putative tRNA sulfurtransferase
[21:42:00] Modify product: UPF0307 protein YjgA => hypothetical protein
[21:42:00] Modify product: Dihydroorotate dehydrogenase B (NAD(+)), electron transfer subunit homolog => Dihydroorotate dehydrogenase B (NAD(+)), electron transfer subunit 
[21:42:00] Modify product: Uncharacterized signaling protein CC_0091 => putative signaling protein
[21:42:00] Modify product: Probable CtpA-like serine protease => putative CtpA-like serine protease
[21:42:00] Modify product: UPF0126 inner membrane protein YadS => hypothetical protein
[21:42:00] Modify product: Uncharacterized protein Rv2411c => putative protein
[21:42:00] Modify product: Uncharacterized protease YhbU => putative protease YhbU
[21:42:00] Modify product: Probable FMN/FAD exporter YeeO => putative FMN/FAD exporter YeeO
[21:42:00] Modify product: Probable lipid II flippase MurJ => putative lipid II flippase MurJ
[21:42:00] Modify product: Probable diguanylate cyclase DgcC => putative diguanylate cyclase DgcC
[21:42:00] Modify product: Probable protease SohB => putative protease SohB
[21:42:00] Modify product: Probable fructose-bisphosphate aldolase => putative fructose-bisphosphate aldolase
[21:42:00] Modify product: Uncharacterized HTH-type transcriptional regulator YbaQ => putative HTH-type transcriptional regulator YbaQ
[21:42:00] Modify product: Probable capsular polysaccharide biosynthesis protein YwqC => putative capsular polysaccharide biosynthesis protein YwqC
[21:42:00] Modify product: Uncharacterized acyl-CoA thioester hydrolase HI_0827 => putative acyl-CoA thioester hydrolase
[21:42:00] Modify product: Probable ECA polymerase => putative ECA polymerase
[21:42:00] Modify product: Probable lipoprotein YiaD => putative lipoprotein YiaD
[21:42:00] Modify product: UPF0502 protein YceH => hypothetical protein
[21:42:00] Modify product: Probable riboflavin import permease protein RfuD => putative riboflavin import permease protein RfuD
[21:42:00] Modify product: Probable fimbrial chaperone EcpB => putative fimbrial chaperone EcpB
[21:42:00] Modify product: Probable 6-phospho-beta-glucosidase => putative 6-phospho-beta-glucosidase
[21:42:00] Modify product: Uncharacterized protein YggR => putative protein YggR
[21:42:00] Modify product: Uncharacterized protein Rv2569c => putative protein
[21:42:00] Modify product: UPF0758 protein YsxA => hypothetical protein
[21:42:00] Modify product: UPF0352 protein YejL => hypothetical protein
[21:42:00] Modify product: Uncharacterized oxidoreductase YciK => putative oxidoreductase YciK
[21:42:00] Modify product: Uncharacterized HTH-type transcriptional regulator RhmR => putative HTH-type transcriptional regulator RhmR
[21:42:00] Cleaned 43 /product names
[21:42:00] Deleting unwanted file: prokka_out/bin.1.permissive/bin.1.permissive.sprot.tmp.4022911.faa
[21:42:00] Deleting unwanted file: prokka_out/bin.1.permissive/bin.1.permissive.sprot.tmp.4022911.blast
[21:42:00] There are still 596 unannotated CDS left (started with 1193)
[21:42:00] Will use hmmer3 to search against /opt/spack/opt/spack/linux-centos8-x86_64/gcc-9.3.0/anaconda3-2020.11-eofni6wqgiwzxofemlpw2qhivqi5lp4z/envs/prokka/db/hmm/HAMAP.hmm with 10 CPUs
[21:42:00] Running: cat prokka_out\/bin\.1\.permissive\/bin\.1\.permissive\.HAMAP\.hmm\.tmp\.4022911\.faa | parallel --gnu --plain -j 10 --block 4962 --recstart '>' --pipe hmmscan --noali --notextw --acc -E 1e-09 --cpu 1 /opt/spack/opt/spack/linux-centos8-x86_64/gcc-9.3.0/anaconda3-2020.11-eofni6wqgiwzxofemlpw2qhivqi5lp4z/envs/prokka/db/hmm/HAMAP.hmm /dev/stdin > prokka_out\/bin\.1\.permissive\/bin\.1\.permissive\.HAMAP\.hmm\.tmp\.4022911\.hmmer3 2> /dev/null
[21:42:09] Deleting unwanted file: prokka_out/bin.1.permissive/bin.1.permissive.HAMAP.hmm.tmp.4022911.faa
[21:42:09] Deleting unwanted file: prokka_out/bin.1.permissive/bin.1.permissive.HAMAP.hmm.tmp.4022911.hmmer3
[21:42:09] Labelling remaining 561 proteins as 'hypothetical protein'
[21:42:09] Possible /pseudo 'Tyrosine recombinase XerC' at NODE_19_length_2645_cov_3.492991 position 2273
[21:42:09] Possible /pseudo 'IS3 family transposase ISKpn1' at NODE_50_length_2062_cov_7.234761 position 1025
[21:42:09] Possible /pseudo 'IS3 family transposase ISRhsp2' at NODE_106_length_1777_cov_3.466471 position 719
[21:42:09] Possible /pseudo 'tRNA modification GTPase MnmE' at NODE_142_length_1634_cov_2.170199 position 585
[21:42:09] Possible /pseudo 'High-affinity branched-chain amino acid transport system permease protein LivH' at NODE_176_length_1570_cov_1.669123 position 1010
[21:42:09] Possible /pseudo 'Betaine reductase complex component B subunit beta' at NODE_283_length_1374_cov_1.403238 position 971
[21:42:09] Possible /pseudo 'Manganese transport system membrane protein MntB' at NODE_318_length_1339_cov_2.549921 position 319
[21:42:09] Possible /pseudo 'Release factor glutamine methyltransferase' at NODE_644_length_1080_cov_1.458624 position 717
[21:42:09] Possible /pseudo 'Peptide deformylase' at NODE_682_length_1041_cov_2.534232 position 434
[21:42:09] Found 514 unique /gene codes.
[21:42:09] Fixed 2 duplicate /gene - rplP_1 rplP_2
[21:42:09] Fixed 2 duplicate /gene - rpsC_1 rpsC_2
[21:42:09] Fixed 2 duplicate /gene - fbp_1 fbp_2
[21:42:09] Fixed 2 duplicate /gene - rsmG_1 rsmG_2
[21:42:09] Fixed 2 duplicate /gene - rpsR_1 rpsR_2
[21:42:09] Fixed 2 duplicate /gene - yfiC_1 yfiC_2
[21:42:09] Fixed 2 duplicate /gene - malT_1 malT_2
[21:42:09] Fixed 2 duplicate /gene - truD_1 truD_2
[21:42:09] Fixed 2 duplicate /gene - rbsC_1 rbsC_2
[21:42:09] Fixed 2 duplicate /gene - rpsH_1 rpsH_2
[21:42:09] Fixed 3 duplicate /gene - xerC_1 xerC_2 xerC_3
[21:42:09] Fixed 2 duplicate /gene - grdH_1 grdH_2
[21:42:09] Fixed 2 duplicate /gene - fadA_1 fadA_2
[21:42:09] Fixed 2 duplicate /gene - dmlR_1 dmlR_2
[21:42:09] Fixed 2 duplicate /gene - btuF_1 btuF_2
[21:42:09] Fixed 2 duplicate /gene - rplV_1 rplV_2
[21:42:09] Fixed 2 duplicate /gene - radA_1 radA_2
[21:42:09] Fixed 2 duplicate /gene - hpt_1 hpt_2
[21:42:09] Fixed 2 duplicate /gene - def_1 def_2
[21:42:09] Fixed 3 duplicate /gene - rpsS_1 rpsS_2 rpsS_3
[21:42:09] Fixed 2 duplicate /gene - ilvI_1 ilvI_2
[21:42:09] Fixed 2 duplicate /gene - can_1 can_2
[21:42:09] Fixed 2 duplicate /gene - dnaK_1 dnaK_2
[21:42:09] Fixed 2 duplicate /gene - glpR_1 glpR_2
[21:42:09] Fixed 4 duplicate /gene - livH_1 livH_2 livH_3 livH_4
[21:42:09] Fixed 2 duplicate /gene - lacE_1 lacE_2
[21:42:09] Fixed 3 duplicate /gene - rcsC_1 rcsC_2 rcsC_3
[21:42:09] Fixed 2 duplicate /gene - ybdL_1 ybdL_2
[21:42:09] Fixed 3 duplicate /gene - mnmE_1 mnmE_2 mnmE_3
[21:42:09] Fixed 2 duplicate /gene - cbiA_1 cbiA_2
[21:42:09] Fixed 2 duplicate /gene - exuT_1 exuT_2
[21:42:09] Fixed 2 duplicate /gene - rpmC_1 rpmC_2
[21:42:09] Fixed 2 duplicate /gene - dksA_1 dksA_2
[21:42:09] Fixed 3 duplicate /gene - prmC_1 prmC_2 prmC_3
[21:42:09] Fixed 2 duplicate /gene - licC_1 licC_2
[21:42:09] Fixed 2 duplicate /gene - yiaD_1 yiaD_2
[21:42:09] Fixed 2 duplicate /gene - mntB_1 mntB_2
[21:42:09] Fixed 2 duplicate /gene - rplB_1 rplB_2
[21:42:09] Fixed 2 duplicate /gene - grxD_1 grxD_2
[21:42:09] Fixed 39 colliding /gene names.
[21:42:09] Adding /locus_tag identifiers
[21:42:09] Assigned 1202 locus_tags to CDS and RNA features.
[21:42:09] Writing outputs to prokka_out/bin.1.permissive/
[21:42:11] Generating annotation statistics file
[21:42:11] Generating Genbank and Sequin files
[21:42:11] Running: tbl2asn -V b -a r10k -l paired-ends -M n -N 1 -y 'Annotated using prokka 1.14.6 from https://github.com/tseemann/prokka' -Z prokka_out\/bin\.1\.permissive\/bin\.1\.permissive\.err -i prokka_out\/bin\.1\.permissive\/bin\.1\.permissive\.fsa 2> /dev/null
[21:42:19] Deleting unwanted file: prokka_out/bin.1.permissive/errorsummary.val
[21:42:19] Deleting unwanted file: prokka_out/bin.1.permissive/bin.1.permissive.dr
[21:42:19] Deleting unwanted file: prokka_out/bin.1.permissive/bin.1.permissive.fixedproducts
[21:42:19] Deleting unwanted file: prokka_out/bin.1.permissive/bin.1.permissive.ecn
[21:42:19] Deleting unwanted file: prokka_out/bin.1.permissive/bin.1.permissive.val
[21:42:19] Repairing broken .GBK output that tbl2asn produces...
[21:42:19] Running: sed 's/COORDINATES: profile/COORDINATES:profile/' < prokka_out\/bin\.1\.permissive\/bin\.1\.permissive\.gbf > prokka_out\/bin\.1\.permissive\/bin\.1\.permissive\.gbk
[21:42:19] Deleting unwanted file: prokka_out/bin.1.permissive/bin.1.permissive.gbf
[21:42:19] Output files:
[21:42:19] prokka_out/bin.1.permissive/bin.1.permissive.log
[21:42:19] prokka_out/bin.1.permissive/bin.1.permissive.fna
[21:42:19] prokka_out/bin.1.permissive/bin.1.permissive.gff
[21:42:19] prokka_out/bin.1.permissive/bin.1.permissive.faa
[21:42:19] prokka_out/bin.1.permissive/bin.1.permissive.ffn
[21:42:19] prokka_out/bin.1.permissive/bin.1.permissive.tbl
[21:42:19] prokka_out/bin.1.permissive/bin.1.permissive.fsa
[21:42:19] prokka_out/bin.1.permissive/bin.1.permissive.tsv
[21:42:19] prokka_out/bin.1.permissive/bin.1.permissive.txt
[21:42:19] prokka_out/bin.1.permissive/bin.1.permissive.err
[21:42:19] prokka_out/bin.1.permissive/bin.1.permissive.sqn
[21:42:19] prokka_out/bin.1.permissive/bin.1.permissive.gbk
[21:42:19] Annotation finished successfully.
[21:42:19] Walltime used: 0.87 minutes
[21:42:19] If you use this result please cite the Prokka paper:
[21:42:19] Seemann T (2014) Prokka: rapid prokaryotic genome annotation. Bioinformatics. 30(14):2068-9.
[21:42:19] Type 'prokka --citation' for more details.
[21:42:19] Thank you, come again.
