[2021-11-17 10:43:01,404] multiqc                                            [DEBUG  ]  This is MultiQC v1.11
[2021-11-17 10:43:01,404] multiqc                                            [DEBUG  ]  No MultiQC config found: /home/bioinformatica/omics_course/anaconda3/envs/omics_course/lib/python3.8/site-packages/multiqc_config.yaml
[2021-11-17 10:43:01,404] multiqc                                            [DEBUG  ]  No MultiQC config found: /home/bioinformatica/.multiqc_config.yaml
[2021-11-17 10:43:01,405] multiqc                                            [DEBUG  ]  No MultiQC config found: multiqc_config.yaml
[2021-11-17 10:43:01,405] multiqc                                            [DEBUG  ]  Command used: /home/bioinformatica/omics_course/anaconda3/envs/omics_course/bin/multiqc . -o ./multiqc_report
[2021-11-17 10:43:04,217] multiqc                                            [DEBUG  ]  Latest MultiQC version is v1.11
[2021-11-17 10:43:04,218] multiqc                                            [DEBUG  ]  Command     : /home/bioinformatica/omics_course/anaconda3/envs/omics_course/bin/multiqc . -o ./multiqc_report
[2021-11-17 10:43:04,218] multiqc                                            [DEBUG  ]  Working dir : /home/bioinformatica/omics_course/metaWRAP_analysis/1_FASTP
[2021-11-17 10:43:04,218] multiqc                                            [DEBUG  ]  Template    : default
[2021-11-17 10:43:04,218] multiqc                                            [DEBUG  ]  Running Python 3.8.10 (default, Jun  4 2021, 15:09:15)  [GCC 7.5.0]
[2021-11-17 10:43:04,219] multiqc                                            [DEBUG  ]  Analysing modules: custom_content, ccs, ngsderive, purple, conpair, lima, peddy, somalier, methylQA, mosdepth, phantompeakqualtools, qualimap, preseq, quast, qorts, rna_seqc, rockhopper, rsem, rseqc, busco, bustools, goleft_indexcov, gffcompare, disambiguate, supernova, deeptools, sargasso, verifybamid, mirtrace, happy, mirtop, sambamba, homer, hops, macs2, theta2, snpeff, gatk, htseq, bcftools, featureCounts, fgbio, dragen, dedup, damageprofiler, biobambam2, jcvi, mtnucratio, picard, vep, sentieon, prokka, qc3C, nanostat, samblaster, samtools, sexdeterrmine, eigenstratdatabasetools, bamtools, jellyfish, vcftools, longranger, stacks, varscan2, snippy, bbmap, bismark, biscuit, hicexplorer, hicup, hicpro, salmon, kallisto, slamdunk, star, hisat2, tophat, bowtie2, bowtie1, snpsplit, odgi, pangolin, kat, leehom, adapterRemoval, clipandmerge, cutadapt, flexbar, kaiju, kraken, malt, trimmomatic, sickle, skewer, sortmerna, biobloomtools, fastq_screen, afterqc, fastp, fastqc, pychopper, pycoqc, minionqc, multivcfanalyzer, clusterflow, bcl2fastq, bclconvert, interop, ivar, flash, seqyclean, optitype
[2021-11-17 10:43:04,219] multiqc                                            [DEBUG  ]  Using temporary directory for creating report: /tmp/tmpmjavcrmx
[2021-11-17 10:43:04,332] multiqc                                            [INFO   ]  Search path : /home/bioinformatica/omics_course/metaWRAP_analysis/1_FASTP
[2021-11-17 10:43:04,343] multiqc                                            [DEBUG  ]  Ignoring file as matched an ignore pattern: srr16888420_2.CLEAN.fastq
[2021-11-17 10:43:04,370] multiqc                                            [DEBUG  ]  File ignored by ccs/v4 because it exceeded search pattern filesize limit: srr_fastp.html
[2021-11-17 10:43:04,371] multiqc                                            [DEBUG  ]  File ignored by hicexplorer because it exceeded search pattern filesize limit: srr_fastp.html
[2021-11-17 10:43:04,372] multiqc                                            [DEBUG  ]  File ignored by nanostat because it exceeded search pattern filesize limit: srr_fastp.html
[2021-11-17 10:43:04,372] multiqc                                            [DEBUG  ]  File ignored by lima/summary because it exceeded search pattern filesize limit: srr_fastp.html
[2021-11-17 10:43:04,376] multiqc                                            [DEBUG  ]  File ignored by vep/vep_txt because it exceeded search pattern filesize limit: srr_fastp.html
[2021-11-17 10:43:04,376] multiqc                                            [DEBUG  ]  File ignored by longranger/invocation because it exceeded search pattern filesize limit: srr_fastp.html
[2021-11-17 10:43:04,376] multiqc                                            [DEBUG  ]  File ignored by rockhopper because it exceeded search pattern filesize limit: srr_fastp.html
[2021-11-17 10:43:04,376] multiqc                                            [DEBUG  ]  File ignored by rseqc/bam_stat because it exceeded search pattern filesize limit: srr_fastp.html
[2021-11-17 10:43:04,376] multiqc                                            [DEBUG  ]  File ignored by rseqc/junction_annotation because it exceeded search pattern filesize limit: srr_fastp.html
[2021-11-17 10:43:04,376] multiqc                                            [DEBUG  ]  File ignored by rseqc/read_distribution because it exceeded search pattern filesize limit: srr_fastp.html
[2021-11-17 10:43:04,376] multiqc                                            [DEBUG  ]  File ignored by rseqc/infer_experiment because it exceeded search pattern filesize limit: srr_fastp.html
[2021-11-17 10:43:04,504] multiqc                                            [DEBUG  ]  Ignoring file as matched an ignore pattern: srr16888420_2.CLEAN_unpaired.fastq
[2021-11-17 10:43:04,504] multiqc                                            [DEBUG  ]  Ignoring file as matched an ignore pattern: srr16888420_1.CLEAN_unpaired.fastq
[2021-11-17 10:43:04,505] multiqc                                            [DEBUG  ]  Ignoring file as matched an ignore pattern: srr16888420_1.CLEAN.fastq
[2021-11-17 10:43:06,557] multiqc.plots.bargraph                             [DEBUG  ]  Using matplotlib version 3.2.2
[2021-11-17 10:43:06,558] multiqc.plots.linegraph                            [DEBUG  ]  Using matplotlib version 3.2.2
[2021-11-17 10:43:06,560] multiqc                                            [DEBUG  ]  No samples found: custom_content
[2021-11-17 10:43:06,566] multiqc                                            [DEBUG  ]  No samples found: ccs
[2021-11-17 10:43:06,570] multiqc                                            [DEBUG  ]  No samples found: ngsderive
[2021-11-17 10:43:06,575] multiqc                                            [DEBUG  ]  No samples found: purple
[2021-11-17 10:43:06,580] multiqc                                            [DEBUG  ]  No samples found: conpair
[2021-11-17 10:43:06,586] multiqc                                            [DEBUG  ]  No samples found: lima
[2021-11-17 10:43:06,591] multiqc                                            [DEBUG  ]  No samples found: peddy
[2021-11-17 10:43:06,595] multiqc                                            [DEBUG  ]  No samples found: somalier
[2021-11-17 10:43:06,600] multiqc                                            [DEBUG  ]  No samples found: methylQA
[2021-11-17 10:43:06,609] multiqc.modules.mosdepth.mosdepth                  [DEBUG  ]  include_contigs: []
[2021-11-17 10:43:06,609] multiqc.modules.mosdepth.mosdepth                  [DEBUG  ]  exclude_contigs: []
[2021-11-17 10:43:06,609] multiqc                                            [DEBUG  ]  No samples found: mosdepth
[2021-11-17 10:43:06,614] multiqc                                            [DEBUG  ]  No samples found: phantompeakqualtools
[2021-11-17 10:43:06,617] multiqc                                            [DEBUG  ]  No samples found: qualimap
[2021-11-17 10:43:06,622] multiqc                                            [DEBUG  ]  No samples found: preseq
[2021-11-17 10:43:06,627] multiqc                                            [DEBUG  ]  No samples found: quast
[2021-11-17 10:43:06,632] multiqc                                            [DEBUG  ]  No samples found: qorts
[2021-11-17 10:43:06,637] multiqc                                            [DEBUG  ]  No samples found: rna_seqc
[2021-11-17 10:43:06,642] multiqc                                            [DEBUG  ]  No samples found: rockhopper
[2021-11-17 10:43:06,647] multiqc                                            [DEBUG  ]  No samples found: rsem
[2021-11-17 10:43:06,657] multiqc                                            [DEBUG  ]  No samples found: rseqc
[2021-11-17 10:43:06,662] multiqc                                            [DEBUG  ]  No samples found: busco
[2021-11-17 10:43:06,667] multiqc                                            [DEBUG  ]  No samples found: bustools
[2021-11-17 10:43:06,672] multiqc                                            [DEBUG  ]  No samples found: goleft_indexcov
[2021-11-17 10:43:06,677] multiqc                                            [DEBUG  ]  No samples found: gffcompare
[2021-11-17 10:43:06,682] multiqc                                            [DEBUG  ]  No samples found: disambiguate
[2021-11-17 10:43:06,687] multiqc                                            [DEBUG  ]  No samples found: supernova
[2021-11-17 10:43:06,698] multiqc                                            [DEBUG  ]  No samples found: deeptools
[2021-11-17 10:43:06,703] multiqc                                            [DEBUG  ]  No samples found: sargasso
[2021-11-17 10:43:06,707] multiqc                                            [DEBUG  ]  No samples found: verifybamid
[2021-11-17 10:43:06,712] multiqc                                            [DEBUG  ]  No samples found: mirtrace
[2021-11-17 10:43:06,717] multiqc                                            [DEBUG  ]  No samples found: happy
[2021-11-17 10:43:06,722] multiqc                                            [DEBUG  ]  No samples found: mirtop
[2021-11-17 10:43:06,727] multiqc                                            [DEBUG  ]  No samples found: sambamba
[2021-11-17 10:43:06,733] multiqc                                            [DEBUG  ]  No samples found: homer
[2021-11-17 10:43:06,738] multiqc                                            [DEBUG  ]  No samples found: hops
[2021-11-17 10:43:06,742] multiqc                                            [DEBUG  ]  No samples found: macs2
[2021-11-17 10:43:06,747] multiqc                                            [DEBUG  ]  No samples found: theta2
[2021-11-17 10:43:06,752] multiqc                                            [DEBUG  ]  No samples found: snpeff
[2021-11-17 10:43:06,759] multiqc                                            [DEBUG  ]  No samples found: gatk
[2021-11-17 10:43:06,763] multiqc                                            [DEBUG  ]  No samples found: htseq
[2021-11-17 10:43:06,769] multiqc                                            [DEBUG  ]  No samples found: bcftools
[2021-11-17 10:43:06,773] multiqc                                            [DEBUG  ]  No samples found: featureCounts
[2021-11-17 10:43:06,782] multiqc                                            [DEBUG  ]  No samples found: fgbio
[2021-11-17 10:43:06,794] multiqc                                            [DEBUG  ]  No samples found: dragen
[2021-11-17 10:43:06,799] multiqc                                            [DEBUG  ]  No samples found: dedup
[2021-11-17 10:43:06,804] multiqc                                            [DEBUG  ]  No samples found: damageprofiler
[2021-11-17 10:43:06,826] multiqc                                            [DEBUG  ]  No samples found: biobambam2
[2021-11-17 10:43:06,832] multiqc                                            [DEBUG  ]  No samples found: jcvi
[2021-11-17 10:43:06,836] multiqc                                            [DEBUG  ]  No samples found: mtnucratio
[2021-11-17 10:43:06,839] multiqc                                            [DEBUG  ]  No samples found: picard
[2021-11-17 10:43:06,844] multiqc                                            [DEBUG  ]  No samples found: vep
[2021-11-17 10:43:06,851] multiqc                                            [DEBUG  ]  No samples found: sentieon
[2021-11-17 10:43:06,856] multiqc                                            [DEBUG  ]  No samples found: prokka
[2021-11-17 10:43:06,862] multiqc                                            [DEBUG  ]  No samples found: qc3C
[2021-11-17 10:43:06,867] multiqc                                            [DEBUG  ]  No samples found: nanostat
[2021-11-17 10:43:06,872] multiqc                                            [DEBUG  ]  No samples found: samblaster
[2021-11-17 10:43:06,880] multiqc                                            [DEBUG  ]  No samples found: samtools
[2021-11-17 10:43:06,885] multiqc                                            [DEBUG  ]  No samples found: sexdeterrmine
[2021-11-17 10:43:06,889] multiqc                                            [DEBUG  ]  No samples found: eigenstratdatabasetools
[2021-11-17 10:43:06,894] multiqc                                            [DEBUG  ]  No samples found: bamtools
[2021-11-17 10:43:06,899] multiqc                                            [DEBUG  ]  No samples found: jellyfish
[2021-11-17 10:43:06,905] multiqc                                            [DEBUG  ]  No samples found: vcftools
[2021-11-17 10:43:06,910] multiqc                                            [DEBUG  ]  No samples found: longranger
[2021-11-17 10:43:06,914] multiqc                                            [DEBUG  ]  No samples found: stacks
[2021-11-17 10:43:06,919] multiqc                                            [DEBUG  ]  No samples found: varscan2
[2021-11-17 10:43:06,924] multiqc                                            [DEBUG  ]  No samples found: snippy
[2021-11-17 10:43:06,939] multiqc                                            [DEBUG  ]  No samples found: bbmap
[2021-11-17 10:43:06,945] multiqc                                            [DEBUG  ]  No samples found: bismark
[2021-11-17 10:43:06,951] multiqc                                            [DEBUG  ]  No samples found: biscuit
[2021-11-17 10:43:06,956] multiqc                                            [DEBUG  ]  No samples found: hicexplorer
[2021-11-17 10:43:06,961] multiqc                                            [DEBUG  ]  No samples found: hicup
[2021-11-17 10:43:06,967] multiqc                                            [DEBUG  ]  No samples found: hicpro
[2021-11-17 10:43:06,972] multiqc                                            [DEBUG  ]  No samples found: salmon
[2021-11-17 10:43:06,977] multiqc                                            [DEBUG  ]  No samples found: kallisto
[2021-11-17 10:43:06,982] multiqc                                            [DEBUG  ]  No samples found: slamdunk
[2021-11-17 10:43:06,987] multiqc                                            [DEBUG  ]  No samples found: star
[2021-11-17 10:43:06,991] multiqc                                            [DEBUG  ]  No samples found: hisat2
[2021-11-17 10:43:06,996] multiqc                                            [DEBUG  ]  No samples found: tophat
[2021-11-17 10:43:07,002] multiqc                                            [DEBUG  ]  No samples found: bowtie2
[2021-11-17 10:43:07,007] multiqc                                            [DEBUG  ]  No samples found: bowtie1
[2021-11-17 10:43:07,012] multiqc                                            [DEBUG  ]  No samples found: snpsplit
[2021-11-17 10:43:07,017] multiqc                                            [DEBUG  ]  No samples found: odgi
[2021-11-17 10:43:07,022] multiqc                                            [DEBUG  ]  No samples found: pangolin
[2021-11-17 10:43:07,027] multiqc                                            [DEBUG  ]  No samples found: kat
[2021-11-17 10:43:07,031] multiqc                                            [DEBUG  ]  No samples found: leehom
[2021-11-17 10:43:07,036] multiqc                                            [DEBUG  ]  No samples found: adapterRemoval
[2021-11-17 10:43:07,042] multiqc                                            [DEBUG  ]  No samples found: clipandmerge
[2021-11-17 10:43:07,047] multiqc                                            [DEBUG  ]  No samples found: cutadapt
[2021-11-17 10:43:07,052] multiqc                                            [DEBUG  ]  No samples found: flexbar
[2021-11-17 10:43:07,057] multiqc                                            [DEBUG  ]  No samples found: kaiju
[2021-11-17 10:43:07,062] multiqc                                            [DEBUG  ]  No samples found: kraken
[2021-11-17 10:43:07,067] multiqc                                            [DEBUG  ]  No samples found: malt
[2021-11-17 10:43:07,071] multiqc                                            [DEBUG  ]  No samples found: trimmomatic
[2021-11-17 10:43:07,076] multiqc                                            [DEBUG  ]  No samples found: sickle
[2021-11-17 10:43:07,081] multiqc                                            [DEBUG  ]  No samples found: skewer
[2021-11-17 10:43:07,085] multiqc                                            [DEBUG  ]  No samples found: sortmerna
[2021-11-17 10:43:07,090] multiqc                                            [DEBUG  ]  No samples found: biobloomtools
[2021-11-17 10:43:07,096] multiqc                                            [DEBUG  ]  No samples found: fastq_screen
[2021-11-17 10:43:07,101] multiqc                                            [DEBUG  ]  No samples found: afterqc
[2021-11-17 10:43:07,108] multiqc.modules.fastp.fastp                        [DEBUG  ]  No duplication rate plot data: srr_fastp.json
[2021-11-17 10:43:07,108] multiqc.modules.fastp.fastp                        [INFO   ]  Found 1 reports
[2021-11-17 10:43:07,131] multiqc                                            [DEBUG  ]  No samples found: fastqc
[2021-11-17 10:43:07,137] multiqc                                            [DEBUG  ]  No samples found: pychopper
[2021-11-17 10:43:07,145] multiqc                                            [DEBUG  ]  No samples found: pycoqc
[2021-11-17 10:43:07,153] multiqc                                            [DEBUG  ]  No samples found: minionqc
[2021-11-17 10:43:07,160] multiqc                                            [DEBUG  ]  No samples found: multivcfanalyzer
[2021-11-17 10:43:07,168] multiqc                                            [DEBUG  ]  No samples found: clusterflow
[2021-11-17 10:43:07,174] multiqc                                            [DEBUG  ]  No samples found: bcl2fastq
[2021-11-17 10:43:07,180] multiqc                                            [DEBUG  ]  No samples found: bclconvert
[2021-11-17 10:43:07,186] multiqc                                            [DEBUG  ]  No samples found: interop
[2021-11-17 10:43:07,191] multiqc                                            [DEBUG  ]  No samples found: ivar
[2021-11-17 10:43:07,196] multiqc                                            [DEBUG  ]  No samples found: flash
[2021-11-17 10:43:07,201] multiqc                                            [DEBUG  ]  No samples found: seqyclean
[2021-11-17 10:43:07,205] multiqc                                            [DEBUG  ]  No samples found: optitype
[2021-11-17 10:43:07,208] multiqc                                            [INFO   ]  Compressing plot data
[2021-11-17 10:43:07,297] multiqc                                            [INFO   ]  Report      : multiqc_report/multiqc_report.html
[2021-11-17 10:43:07,297] multiqc                                            [INFO   ]  Data        : multiqc_report/multiqc_data
[2021-11-17 10:43:07,297] multiqc                                            [DEBUG  ]  Moving data file from '/tmp/tmpmjavcrmx/multiqc_data' to './multiqc_report/multiqc_data'
[2021-11-17 10:43:07,435] multiqc                                            [INFO   ]  MultiQC complete
