[21:43:38] This is prokka 1.14.6
[21:43:38] Written by Torsten Seemann <torsten.seemann@gmail.com>
[21:43:38] Homepage is https://github.com/tseemann/prokka
[21:43:38] Local time is Wed Nov 17 21:43:38 2021
[21:43:38] You are joaquim.junior
[21:43:38] Operating system is linux
[21:43:38] You have BioPerl 1.007002
[21:43:38] System has 40 cores.
[21:43:38] Will use maximum of 10 cores.
[21:43:38] Annotating as >>> Bacteria <<<
[21:43:38] Generating locus_tag from '/home/joaquim.junior/work/omics_course/analysis/bins_consolidated/bin_demo.1.strict.fa' contents.
[21:43:38] Setting --locustag FNOGCKNG from MD5 f780c4703d5f756a6788e4931bbe50c3
[21:43:38] Creating new output folder: prokka_out/bin_demo.1.strict
[21:43:38] Running: mkdir -p prokka_out\/bin_demo\.1\.strict
[21:43:38] Using filename prefix: bin_demo.1.strict.XXX
[21:43:38] Setting HMMER_NCPU=1
[21:43:38] Writing log to: prokka_out/bin_demo.1.strict/bin_demo.1.strict.log
[21:43:38] Command: /opt/spack/opt/spack/linux-centos8-x86_64/gcc-9.3.0/anaconda3-2020.11-eofni6wqgiwzxofemlpw2qhivqi5lp4z/envs/prokka/bin/prokka --quiet --cpus 10 --outdir prokka_out/bin_demo.1.strict --prefix bin_demo.1.strict --addgenes --addmrna --kingdom Bacteria /home/joaquim.junior/work/omics_course/analysis/bins_consolidated/bin_demo.1.strict.fa
[21:43:38] Appending to PATH: /opt/spack/opt/spack/linux-centos8-x86_64/gcc-9.3.0/anaconda3-2020.11-eofni6wqgiwzxofemlpw2qhivqi5lp4z/envs/prokka/bin
[21:43:38] Looking for 'aragorn' - found /opt/spack/opt/spack/linux-centos8-x86_64/gcc-9.3.0/anaconda3-2020.11-eofni6wqgiwzxofemlpw2qhivqi5lp4z/envs/prokka/bin/aragorn
[21:43:38] Determined aragorn version is 001002 from 'ARAGORN v1.2.38 Dean Laslett'
[21:43:38] Looking for 'barrnap' - found /opt/spack/opt/spack/linux-centos8-x86_64/gcc-9.3.0/anaconda3-2020.11-eofni6wqgiwzxofemlpw2qhivqi5lp4z/envs/prokka/bin/barrnap
[21:43:38] Determined barrnap version is 000009 from 'barrnap 0.9'
[21:43:38] Looking for 'blastp' - found /opt/spack/opt/spack/linux-centos8-x86_64/gcc-9.3.0/anaconda3-2020.11-eofni6wqgiwzxofemlpw2qhivqi5lp4z/envs/prokka/bin/blastp
[21:43:38] Determined blastp version is 002010 from 'blastp: 2.10.1+'
[21:43:38] Looking for 'cmpress' - found /opt/spack/opt/spack/linux-centos8-x86_64/gcc-9.3.0/anaconda3-2020.11-eofni6wqgiwzxofemlpw2qhivqi5lp4z/envs/prokka/bin/cmpress
[21:43:38] Determined cmpress version is 001001 from '# INFERNAL 1.1.3 (Nov 2019)'
[21:43:38] Looking for 'cmscan' - found /opt/spack/opt/spack/linux-centos8-x86_64/gcc-9.3.0/anaconda3-2020.11-eofni6wqgiwzxofemlpw2qhivqi5lp4z/envs/prokka/bin/cmscan
[21:43:38] Determined cmscan version is 001001 from '# INFERNAL 1.1.3 (Nov 2019)'
[21:43:38] Looking for 'egrep' - found /usr/bin/egrep
[21:43:38] Looking for 'find' - found /usr/bin/find
[21:43:38] Looking for 'grep' - found /usr/bin/grep
[21:43:38] Looking for 'hmmpress' - found /opt/spack/opt/spack/linux-centos8-x86_64/gcc-9.3.0/anaconda3-2020.11-eofni6wqgiwzxofemlpw2qhivqi5lp4z/envs/prokka/bin/hmmpress
[21:43:38] Determined hmmpress version is 003003 from '# HMMER 3.3.2 (Nov 2020); http://hmmer.org/'
[21:43:38] Looking for 'hmmscan' - found /opt/spack/opt/spack/linux-centos8-x86_64/gcc-9.3.0/anaconda3-2020.11-eofni6wqgiwzxofemlpw2qhivqi5lp4z/envs/prokka/bin/hmmscan
[21:43:38] Determined hmmscan version is 003003 from '# HMMER 3.3.2 (Nov 2020); http://hmmer.org/'
[21:43:38] Looking for 'java' - found /opt/spack/opt/spack/linux-centos8-x86_64/gcc-9.3.0/anaconda3-2020.11-eofni6wqgiwzxofemlpw2qhivqi5lp4z/envs/prokka/bin/java
[21:43:38] Looking for 'makeblastdb' - found /opt/spack/opt/spack/linux-centos8-x86_64/gcc-9.3.0/anaconda3-2020.11-eofni6wqgiwzxofemlpw2qhivqi5lp4z/envs/prokka/bin/makeblastdb
[21:43:38] Determined makeblastdb version is 002010 from 'makeblastdb: 2.10.1+'
[21:43:38] Looking for 'minced' - found /opt/spack/opt/spack/linux-centos8-x86_64/gcc-9.3.0/anaconda3-2020.11-eofni6wqgiwzxofemlpw2qhivqi5lp4z/envs/prokka/bin/minced
[21:43:39] Determined minced version is 004002 from 'minced 0.4.2'
[21:43:39] Looking for 'parallel' - found /opt/spack/opt/spack/linux-centos8-x86_64/gcc-9.3.0/anaconda3-2020.11-eofni6wqgiwzxofemlpw2qhivqi5lp4z/envs/prokka/bin/parallel
[21:43:39] Determined parallel version is 20201122 from 'GNU parallel 20201122'
[21:43:39] Looking for 'prodigal' - found /opt/spack/opt/spack/linux-centos8-x86_64/gcc-9.3.0/anaconda3-2020.11-eofni6wqgiwzxofemlpw2qhivqi5lp4z/envs/prokka/bin/prodigal
[21:43:39] Determined prodigal version is 002006 from 'Prodigal V2.6.3: February, 2016'
[21:43:39] Looking for 'prokka-genbank_to_fasta_db' - found /opt/spack/opt/spack/linux-centos8-x86_64/gcc-9.3.0/anaconda3-2020.11-eofni6wqgiwzxofemlpw2qhivqi5lp4z/envs/prokka/bin/prokka-genbank_to_fasta_db
[21:43:39] Looking for 'sed' - found /usr/bin/sed
[21:43:39] Looking for 'signalp' - found /opt/spack/opt/spack/linux-centos8-x86_64/gcc-9.3.0/anaconda3-2020.11-eofni6wqgiwzxofemlpw2qhivqi5lp4z/bin/signalp
[21:43:39] Determined signalp version is 005000 from '5.0 86_64'
[21:43:39] Looking for 'tbl2asn' - found /opt/spack/opt/spack/linux-centos8-x86_64/gcc-9.3.0/anaconda3-2020.11-eofni6wqgiwzxofemlpw2qhivqi5lp4z/envs/prokka/bin/tbl2asn
[21:43:39] Determined tbl2asn version is 025007 from 'tbl2asn 25.7   arguments:'
[21:43:39] Using genetic code table 11.
[21:43:39] Loading and checking input file: /home/joaquim.junior/work/omics_course/analysis/bins_consolidated/bin_demo.1.strict.fa
[21:43:39] Wrote 461 contigs totalling 1658693 bp.
[21:43:39] Predicting tRNAs and tmRNAs
[21:43:39] Running: aragorn -l -gc11  -w prokka_out\/bin_demo\.1\.strict\/bin_demo\.1\.strict\.fna
[21:43:39] 1 tRNA-Asn [11381,11456] 34 (gtt)
[21:43:39] 2 tRNA-Glu [11460,11534] 34 (ttc)
[21:43:39] 3 tRNA-Val [11538,11613] 34 (tac)
[21:43:39] 1 tRNA-Gly c[1903,1977] 33 (gcc)
[21:43:39] 1 tRNA-Met c[1273,1347] 33 (cat)
[21:43:39] 1 tRNA-Leu c[-4,79] 34 (cag)
[21:43:39] 1 tRNA-Arg c[3659,3735] 35 (acg)
[21:43:39] 1 tRNA-Pro c[1932,2008] 35 (cgg)
[21:43:39] 1 tRNA-Arg c[336,412] 35 (cct)
[21:43:39] 1 tRNA-Ala [1156,1241] 34 (ggc)
[21:43:39] 1 tRNA-Pro c[489,565] 35 (ggg)
[21:43:39] 1 tRNA-Asp c[36,112] 35 (gtc)
[21:43:39] 1 tRNA-Val c[2030,2106] 35 (gac)
[21:43:39] 1 tRNA-Arg [521,595] 34 (ccg)
[21:43:39] 1 tRNA-Ser [511,598] 35 (cga)
[21:43:39] 1 tRNA-Ser c[2123,2213] 35 (gct)
[21:43:39] 1 tRNA-Glu c[1430,1504] 34 (ctc)
[21:43:39] 2 tRNA-Gln c[1507,1580] 33 (ctg)
[21:43:40] 1 tRNA-Thr [1496,1571] 34 (tgt)
[21:43:40] 2 tRNA-Tyr [1575,1659] 35 (gta)
[21:43:40] 1 tRNA-His c[51,126] 34 (gtg)
[21:43:40] Found 21 tRNAs
[21:43:40] Predicting Ribosomal RNAs
[21:43:40] Running Barrnap with 10 threads
[21:43:40] Found 0 rRNAs
[21:43:40] Skipping ncRNA search, enable with --rfam if desired.
[21:43:40] Total of 21 tRNA + rRNA features
[21:43:40] Searching for CRISPR repeats
[21:43:40] Found 0 CRISPRs
[21:43:40] Predicting coding sequences
[21:43:40] Contigs total 1658693 bp, so using single mode
[21:43:40] Running: prodigal -i prokka_out\/bin_demo\.1\.strict\/bin_demo\.1\.strict\.fna -c -m -g 11 -p single -f sco -q
[21:43:43] Found 1570 CDS
[21:43:43] Connecting features back to sequences
[21:43:43] Not using genus-specific database. Try --usegenus to enable it.
[21:43:43] Annotating CDS, please be patient.
[21:43:43] Will use 10 CPUs for similarity searching.
[21:43:44] There are still 1570 unannotated CDS left (started with 1570)
[21:43:44] Will use blast to search against /opt/spack/opt/spack/linux-centos8-x86_64/gcc-9.3.0/anaconda3-2020.11-eofni6wqgiwzxofemlpw2qhivqi5lp4z/envs/prokka/db/kingdom/Bacteria/IS with 10 CPUs
[21:43:44] Running: cat prokka_out\/bin_demo\.1\.strict\/bin_demo\.1\.strict\.IS\.tmp\.153728\.faa | parallel --gnu --plain -j 10 --block 20485 --recstart '>' --pipe blastp -query - -db /opt/spack/opt/spack/linux-centos8-x86_64/gcc-9.3.0/anaconda3-2020.11-eofni6wqgiwzxofemlpw2qhivqi5lp4z/envs/prokka/db/kingdom/Bacteria/IS -evalue 1e-30 -qcov_hsp_perc 90 -num_threads 1 -num_descriptions 1 -num_alignments 1 -seg no > prokka_out\/bin_demo\.1\.strict\/bin_demo\.1\.strict\.IS\.tmp\.153728\.blast 2> /dev/null
[21:43:49] Deleting unwanted file: prokka_out/bin_demo.1.strict/bin_demo.1.strict.IS.tmp.153728.faa
[21:43:49] Deleting unwanted file: prokka_out/bin_demo.1.strict/bin_demo.1.strict.IS.tmp.153728.blast
[21:43:50] There are still 1567 unannotated CDS left (started with 1570)
[21:43:50] Will use blast to search against /opt/spack/opt/spack/linux-centos8-x86_64/gcc-9.3.0/anaconda3-2020.11-eofni6wqgiwzxofemlpw2qhivqi5lp4z/envs/prokka/db/kingdom/Bacteria/AMR with 10 CPUs
[21:43:50] Running: cat prokka_out\/bin_demo\.1\.strict\/bin_demo\.1\.strict\.AMR\.tmp\.153728\.faa | parallel --gnu --plain -j 10 --block 20451 --recstart '>' --pipe blastp -query - -db /opt/spack/opt/spack/linux-centos8-x86_64/gcc-9.3.0/anaconda3-2020.11-eofni6wqgiwzxofemlpw2qhivqi5lp4z/envs/prokka/db/kingdom/Bacteria/AMR -evalue 9.99999999999999e-301 -qcov_hsp_perc 90 -num_threads 1 -num_descriptions 1 -num_alignments 1 -seg no > prokka_out\/bin_demo\.1\.strict\/bin_demo\.1\.strict\.AMR\.tmp\.153728\.blast 2> /dev/null
[21:43:54] Deleting unwanted file: prokka_out/bin_demo.1.strict/bin_demo.1.strict.AMR.tmp.153728.faa
[21:43:54] Deleting unwanted file: prokka_out/bin_demo.1.strict/bin_demo.1.strict.AMR.tmp.153728.blast
[21:43:55] There are still 1567 unannotated CDS left (started with 1570)
[21:43:55] Will use blast to search against /opt/spack/opt/spack/linux-centos8-x86_64/gcc-9.3.0/anaconda3-2020.11-eofni6wqgiwzxofemlpw2qhivqi5lp4z/envs/prokka/db/kingdom/Bacteria/sprot with 10 CPUs
[21:43:55] Running: cat prokka_out\/bin_demo\.1\.strict\/bin_demo\.1\.strict\.sprot\.tmp\.153728\.faa | parallel --gnu --plain -j 10 --block 20451 --recstart '>' --pipe blastp -query - -db /opt/spack/opt/spack/linux-centos8-x86_64/gcc-9.3.0/anaconda3-2020.11-eofni6wqgiwzxofemlpw2qhivqi5lp4z/envs/prokka/db/kingdom/Bacteria/sprot -evalue 1e-09 -qcov_hsp_perc 80 -num_threads 1 -num_descriptions 1 -num_alignments 1 -seg no > prokka_out\/bin_demo\.1\.strict\/bin_demo\.1\.strict\.sprot\.tmp\.153728\.blast 2> /dev/null
[21:44:15] Modify product: UPF0234 protein XC_3703 => hypothetical protein
[21:44:15] Modify product: UPF0210 protein SP_0239 => hypothetical protein
[21:44:15] Modify product: UPF0237 protein SP_0238 => hypothetical protein
[21:44:15] Modify product: UPF0297 protein M6_Spy1796 => hypothetical protein
[21:44:15] Modify product: Dihydroorotate dehydrogenase B (NAD(+)), electron transfer subunit homolog => Dihydroorotate dehydrogenase B (NAD(+)), electron transfer subunit 
[21:44:15] Modify product: UPF0291 protein SP_1473 => hypothetical protein
[21:44:15] Modify product: Uncharacterized protein YbdM => putative protein YbdM
[21:44:15] Modify product: UPF0597 protein YhaM => hypothetical protein
[21:44:15] Modify product: UPF0342 protein SA1663 => hypothetical protein
[21:44:15] Modify product: Acetyltransferase SACOL1063 => Acetyltransferase
[21:44:15] Modify product: Uncharacterized HTH-type transcriptional regulator HI_0186 => putative HTH-type transcriptional regulator
[21:44:15] Modify product: Probable succinyl-CoA:3-ketoacid coenzyme A transferase subunit A => putative succinyl-CoA:3-ketoacid coenzyme A transferase subunit A
[21:44:15] Modify product: Uncharacterized HIT-like protein HP_0404 => putative HIT-like protein
[21:44:16] Modify product: Uncharacterized protein Rv1708 => putative protein
[21:44:16] Modify product: Deacetylase Atu3266 => Deacetylase
[21:44:16] Modify product: Putative multidrug export ATP-binding/permease protein SAV1866 => Putative multidrug export ATP-binding/permease protein
[21:44:16] Modify product: UPF0758 protein YsxA => hypothetical protein
[21:44:16] Modify product: Probable transcriptional regulatory protein DVU_2259 => putative transcriptional regulatory protein
[21:44:16] Modify product: Uncharacterized protein YqgN => putative protein YqgN
[21:44:16] Modify product: Probable CtpA-like serine protease => putative CtpA-like serine protease
[21:44:16] Modify product: UPF0701 protein HI_0467 => hypothetical protein
[21:44:16] Modify product: Rqc2 homolog RqcH => Rqc2 RqcH
[21:44:16] Modify product: Probable endonuclease 4 => putative endonuclease 4
[21:44:16] Modify product: Probable ribonucleotide transport ATP-binding protein mkl => putative ribonucleotide transport ATP-binding protein mkl
[21:44:16] Modify product: Uncharacterized MFS-type transporter YhjX => putative MFS-type transporter YhjX
[21:44:16] Modify product: Probable multidrug ABC transporter ATP-binding protein YbhF => putative multidrug ABC transporter ATP-binding protein YbhF
[21:44:16] Modify product: Probable multidrug ABC transporter permease YbhS => putative multidrug ABC transporter permease YbhS
[21:44:16] Modify product: Probable multidrug ABC transporter permease YbhR => putative multidrug ABC transporter permease YbhR
[21:44:16] Modify product: Virulence protein STM3117 => Virulence protein
[21:44:16] Modify product: Putative zinc metalloprotease aq_1964 => Putative zinc metalloprotease
[21:44:16] Modify product: Probable membrane transporter protein YfcA => putative membrane transporter protein YfcA
[21:44:16] Modify product: Probable undecaprenyl-phosphate N-acetylglucosaminyl 1-phosphate transferase => putative undecaprenyl-phosphate N-acetylglucosaminyl 1-phosphate transferase
[21:44:16] Modify product: Probable sensor histidine kinase pdtaS => putative sensor histidine kinase pdtaS
[21:44:16] Modify product: Probable transcriptional regulatory protein pdtaR => putative transcriptional regulatory protein pdtaR
[21:44:16] Modify product: Uncharacterized ABC transporter ATP-binding protein YheS => putative ABC transporter ATP-binding protein YheS
[21:44:16] Modify product: UPF0213 protein SP_1535 => hypothetical protein
[21:44:16] Modify product: Probable ribosomal protein YlxQ => putative ribosomal protein YlxQ
[21:44:16] Modify product: Putative multidrug export ATP-binding/permease protein SAV1866 => Putative multidrug export ATP-binding/permease protein
[21:44:16] Modify product: Probable GTP-binding protein EngB => putative GTP-binding protein EngB
[21:44:16] Modify product: Leu/Ile/Val-binding protein homolog 3 => Leu/Ile/Val-binding protein 
[21:44:16] Modify product: Ribosome-associated protein L7Ae-like => Ribosome-associated protein L7Ae-like protein
[21:44:16] Modify product: Uncharacterized protein HI_0131 => putative protein
[21:44:16] Modify product: Probable FMN/FAD exporter YeeO => putative FMN/FAD exporter YeeO
[21:44:16] Modify product: Probable hydrolase YcaC => putative hydrolase YcaC
[21:44:16] Modify product: Probable mannose-6-phosphate isomerase GmuF => putative mannose-6-phosphate isomerase GmuF
[21:44:16] Modify product: Phosphate-specific transport system accessory protein PhoU homolog => Phosphate-specific transport system accessory protein PhoU 
[21:44:16] Modify product: Probable manganese efflux pump MntP => putative manganese efflux pump MntP
[21:44:16] Modify product: Uncharacterized glycosyltransferase sll0501 => putative glycosyltransferase
[21:44:16] Modify product: UPF0060 membrane protein YnfA => hypothetical protein
[21:44:16] Modify product: Protease HtpX homolog => Protease HtpX 
[21:44:16] Modify product: Uncharacterized membrane protein YdfK => putative membrane protein YdfK
[21:44:16] Modify product: Probable sulfoacetate transporter SauU => putative sulfoacetate transporter SauU
[21:44:16] Modify product: Probable pyridine nucleotide-disulfide oxidoreductase RclA => putative pyridine nucleotide-disulfide oxidoreductase RclA
[21:44:16] Modify product: Uncharacterized amino acid permease YhdG => putative amino acid permease YhdG
[21:44:16] Modify product: Uncharacterized protein YacP => putative protein YacP
[21:44:16] Modify product: Uncharacterized protein Rv2850c => putative protein
[21:44:16] Modify product: UPF0340 protein YwlG => hypothetical protein
[21:44:16] Modify product: Uncharacterized protein YqeN => putative protein YqeN
[21:44:16] Modify product: Uncharacterized protein HI_0131 => putative protein
[21:44:16] Modify product: Probable protein-export membrane protein SecG => putative protein-export membrane protein SecG
[21:44:16] Modify product: Probable siderophore-binding lipoprotein YfiY => putative siderophore-binding lipoprotein YfiY
[21:44:16] Modify product: Probable cell division protein WhiA => putative cell division protein WhiA
[21:44:16] Modify product: Purine-binding protein BAB2_0673 => Purine-binding protein
[21:44:17] Modify product: Uncharacterized metal-dependent hydrolase YcfH => putative metal-dependent hydrolase YcfH
[21:44:17] Modify product: Uncharacterized protein HI_0131 => putative protein
[21:44:17] Modify product: Probable UbiX-like flavin prenyltransferase => putative UbiX-like flavin prenyltransferase
[21:44:17] Modify product: Ribonuclease TTHA0252 => Ribonuclease
[21:44:17] Modify product: Uncharacterized protein YjdJ => putative protein YjdJ
[21:44:17] Modify product: Uncharacterized PIN and TRAM-domain containing protein YacL => putative PIN and TRAM-domain containing protein YacL
[21:44:17] Modify product: Leu/Ile/Val-binding protein homolog 3 => Leu/Ile/Val-binding protein 
[21:44:17] Modify product: Probable N-acetyl-LL-diaminopimelate aminotransferase => putative N-acetyl-LL-diaminopimelate aminotransferase
[21:44:17] Modify product: Uncharacterized protein Rv2008c => putative protein
[21:44:17] Modify product: Uncharacterized membrane protein YdfK => putative membrane protein YdfK
[21:44:17] Modify product: Uncharacterized protein YisK => putative protein YisK
[21:44:17] Modify product: UPF0194 membrane protein YbhG => hypothetical protein
[21:44:17] Modify product: Probable amino-acid metabolite efflux pump => putative amino-acid metabolite efflux pump
[21:44:17] Modify product: Uncharacterized hydrolase HI_0588 => putative hydrolase
[21:44:17] Modify product: 23S rRNA 5-hydroxycytidine C2501 synthase => 23S rRNA 5-hydroxycytidine synthase
[21:44:17] Modify product: Uncharacterized inner membrane transporter YicL => putative inner membrane transporter YicL
[21:44:17] Modify product: Probable L-asparaginase periplasmic => putative L-asparaginase periplasmic
[21:44:17] Modify product: Probable ABC transporter phosphonate/phosphite binding protein PhnD2 => putative ABC transporter phosphonate/phosphite binding protein PhnD2
[21:44:17] Modify product: UPF0109 protein Rv2908c => hypothetical protein
[21:44:17] Modify product: DegV domain-containing protein spr1415 => DegV domain-containing protein
[21:44:17] Modify product: UPF0051 protein SA0778 => hypothetical protein
[21:44:17] Modify product: Uncharacterized protein TM_1570 => putative protein
[21:44:17] Modify product: Uncharacterized protein YjbR => putative protein YjbR
[21:44:17] Cleaned 86 /product names
[21:44:17] Deleting unwanted file: prokka_out/bin_demo.1.strict/bin_demo.1.strict.sprot.tmp.153728.faa
[21:44:17] Deleting unwanted file: prokka_out/bin_demo.1.strict/bin_demo.1.strict.sprot.tmp.153728.blast
[21:44:17] There are still 798 unannotated CDS left (started with 1570)
[21:44:17] Will use hmmer3 to search against /opt/spack/opt/spack/linux-centos8-x86_64/gcc-9.3.0/anaconda3-2020.11-eofni6wqgiwzxofemlpw2qhivqi5lp4z/envs/prokka/db/hmm/HAMAP.hmm with 10 CPUs
[21:44:17] Running: cat prokka_out\/bin_demo\.1\.strict\/bin_demo\.1\.strict\.HAMAP\.hmm\.tmp\.153728\.faa | parallel --gnu --plain -j 10 --block 9413 --recstart '>' --pipe hmmscan --noali --notextw --acc -E 1e-09 --cpu 1 /opt/spack/opt/spack/linux-centos8-x86_64/gcc-9.3.0/anaconda3-2020.11-eofni6wqgiwzxofemlpw2qhivqi5lp4z/envs/prokka/db/hmm/HAMAP.hmm /dev/stdin > prokka_out\/bin_demo\.1\.strict\/bin_demo\.1\.strict\.HAMAP\.hmm\.tmp\.153728\.hmmer3 2> /dev/null
[21:44:26] Modify product: Uncharacterized Nudix hydrolase NudL => putative Nudix hydrolase NudL
[21:44:26] Cleaned 1 /product names
[21:44:26] Deleting unwanted file: prokka_out/bin_demo.1.strict/bin_demo.1.strict.HAMAP.hmm.tmp.153728.faa
[21:44:26] Deleting unwanted file: prokka_out/bin_demo.1.strict/bin_demo.1.strict.HAMAP.hmm.tmp.153728.hmmer3
[21:44:26] Labelling remaining 694 proteins as 'hypothetical protein'
[21:44:26] Possible /pseudo 'DNA-directed RNA polymerase subunit beta' at NODE_1_length_23594_cov_0.799397 position 13720
[21:44:26] Possible /pseudo 'Glutamine-binding periplasmic protein' at NODE_3_length_16371_cov_0.820728 position 13407
[21:44:26] Possible /pseudo 'Tetraacyldisaccharide 4'-kinase' at NODE_13_length_11245_cov_0.769884 position 6467
[21:44:26] Possible /pseudo 'Thiol-disulfide oxidoreductase ResA' at NODE_23_length_9441_cov_0.854358 position 8424
[21:44:26] Possible /pseudo 'Lactate racemase' at NODE_54_length_6712_cov_0.705723 position 2054
[21:44:26] Possible /pseudo 'Lactate racemase' at NODE_54_length_6712_cov_0.705723 position 3382
[21:44:26] Possible /pseudo 'Lon protease 1' at NODE_60_length_6376_cov_0.881664 position 2976
[21:44:26] Possible /pseudo 'Methylmalonyl-CoA mutase' at NODE_68_length_5805_cov_0.959478 position 4461
[21:44:26] Possible /pseudo '3-oxoacyl-[acyl-carrier-protein] synthase 3' at NODE_70_length_5621_cov_0.720805 position 2963
[21:44:26] Possible /pseudo 'Ferric-anguibactin receptor FatA' at NODE_96_length_4708_cov_0.500752 position 2859
[21:44:26] Possible /pseudo 'Acetyl-S-ACP:malonate ACP transferase' at NODE_196_length_2935_cov_0.507986 position 907
[21:44:26] Found 736 unique /gene codes.
[21:44:26] Fixed 2 duplicate /gene - malT_1 malT_2
[21:44:26] Fixed 4 duplicate /gene - larA_1 larA_2 larA_3 larA_4
[21:44:26] Fixed 2 duplicate /gene - fabG_1 fabG_2
[21:44:26] Fixed 2 duplicate /gene - livH_1 livH_2
[21:44:26] Fixed 2 duplicate /gene - purC_1 purC_2
[21:44:26] Fixed 2 duplicate /gene - glnH_1 glnH_2
[21:44:26] Fixed 2 duplicate /gene - hxuB_1 hxuB_2
[21:44:26] Fixed 3 duplicate /gene - fabH_1 fabH_2 fabH_3
[21:44:26] Fixed 2 duplicate /gene - guaB_1 guaB_2
[21:44:26] Fixed 2 duplicate /gene - tsaD_1 tsaD_2
[21:44:26] Fixed 2 duplicate /gene - lon1_1 lon1_2
[21:44:26] Fixed 5 duplicate /gene - xerC_1 xerC_2 xerC_3 xerC_4 xerC_5
[21:44:26] Fixed 2 duplicate /gene - cpg2_1 cpg2_2
[21:44:26] Fixed 2 duplicate /gene - scpA_1 scpA_2
[21:44:26] Fixed 4 duplicate /gene - bchB_1 bchB_2 bchB_3 bchB_4
[21:44:26] Fixed 2 duplicate /gene - xerD_1 xerD_2
[21:44:26] Fixed 7 duplicate /gene - rcsC_1 rcsC_2 rcsC_3 rcsC_4 rcsC_5 rcsC_6 rcsC_7
[21:44:26] Fixed 2 duplicate /gene - mcm_1 mcm_2
[21:44:26] Fixed 2 duplicate /gene - resA_1 resA_2
[21:44:26] Fixed 2 duplicate /gene - nifH1_1 nifH1_2
[21:44:26] Fixed 2 duplicate /gene - rluD_1 rluD_2
[21:44:26] Fixed 2 duplicate /gene - cysL_1 cysL_2
[21:44:26] Fixed 2 duplicate /gene - cas9_1 cas9_2
[21:44:26] Fixed 5 duplicate /gene - prn_1 prn_2 prn_3 prn_4 prn_5
[21:44:26] Fixed 2 duplicate /gene - pepT_1 pepT_2
[21:44:26] Fixed 2 duplicate /gene - carD_1 carD_2
[21:44:26] Fixed 2 duplicate /gene - rsxB_1 rsxB_2
[21:44:26] Fixed 3 duplicate /gene - lptD_1 lptD_2 lptD_3
[21:44:26] Fixed 2 duplicate /gene - livF_1 livF_2
[21:44:26] Fixed 2 duplicate /gene - purH_1 purH_2
[21:44:26] Fixed 2 duplicate /gene - madA_1 madA_2
[21:44:26] Fixed 2 duplicate /gene - ydjZ_1 ydjZ_2
[21:44:26] Fixed 2 duplicate /gene - fatA_1 fatA_2
[21:44:26] Fixed 2 duplicate /gene - nrdG_1 nrdG_2
[21:44:26] Fixed 2 duplicate /gene - gppA_1 gppA_2
[21:44:26] Fixed 2 duplicate /gene - smtB_1 smtB_2
[21:44:26] Fixed 2 duplicate /gene - ecfT_1 ecfT_2
[21:44:26] Fixed 2 duplicate /gene - ackA_1 ackA_2
[21:44:26] Fixed 2 duplicate /gene - prs_1 prs_2
[21:44:26] Fixed 2 duplicate /gene - glnQ_1 glnQ_2
[21:44:26] Fixed 2 duplicate /gene - yfmC_1 yfmC_2
[21:44:26] Fixed 2 duplicate /gene - cynR_1 cynR_2
[21:44:26] Fixed 2 duplicate /gene - msmX_1 msmX_2
[21:44:26] Fixed 2 duplicate /gene - lpxK_1 lpxK_2
[21:44:26] Fixed 2 duplicate /gene - lpdC_1 lpdC_2
[21:44:26] Fixed 2 duplicate /gene - ssuC_1 ssuC_2
[21:44:26] Fixed 2 duplicate /gene - sepF_1 sepF_2
[21:44:26] Fixed 2 duplicate /gene - resE_1 resE_2
[21:44:26] Fixed 2 duplicate /gene - rpsD_1 rpsD_2
[21:44:26] Fixed 2 duplicate /gene - htpX_1 htpX_2
[21:44:26] Fixed 2 duplicate /gene - adhR_1 adhR_2
[21:44:26] Fixed 2 duplicate /gene - rpoB_1 rpoB_2
[21:44:26] Fixed 2 duplicate /gene - clpB_1 clpB_2
[21:44:26] Fixed 2 duplicate /gene - ydfK_1 ydfK_2
[21:44:26] Fixed 3 duplicate /gene - lptB_1 lptB_2 lptB_3
[21:44:26] Fixed 55 colliding /gene names.
[21:44:26] Adding /locus_tag identifiers
[21:44:27] Assigned 1591 locus_tags to CDS and RNA features.
[21:44:27] Writing outputs to prokka_out/bin_demo.1.strict/
[21:44:29] Generating annotation statistics file
[21:44:29] Generating Genbank and Sequin files
[21:44:29] Running: tbl2asn -V b -a r10k -l paired-ends -M n -N 1 -y 'Annotated using prokka 1.14.6 from https://github.com/tseemann/prokka' -Z prokka_out\/bin_demo\.1\.strict\/bin_demo\.1\.strict\.err -i prokka_out\/bin_demo\.1\.strict\/bin_demo\.1\.strict\.fsa 2> /dev/null
[21:44:36] Deleting unwanted file: prokka_out/bin_demo.1.strict/errorsummary.val
[21:44:36] Deleting unwanted file: prokka_out/bin_demo.1.strict/bin_demo.1.strict.dr
[21:44:36] Deleting unwanted file: prokka_out/bin_demo.1.strict/bin_demo.1.strict.fixedproducts
[21:44:36] Deleting unwanted file: prokka_out/bin_demo.1.strict/bin_demo.1.strict.ecn
[21:44:36] Deleting unwanted file: prokka_out/bin_demo.1.strict/bin_demo.1.strict.val
[21:44:36] Repairing broken .GBK output that tbl2asn produces...
[21:44:36] Running: sed 's/COORDINATES: profile/COORDINATES:profile/' < prokka_out\/bin_demo\.1\.strict\/bin_demo\.1\.strict\.gbf > prokka_out\/bin_demo\.1\.strict\/bin_demo\.1\.strict\.gbk
[21:44:36] Deleting unwanted file: prokka_out/bin_demo.1.strict/bin_demo.1.strict.gbf
[21:44:36] Output files:
[21:44:36] prokka_out/bin_demo.1.strict/bin_demo.1.strict.log
[21:44:36] prokka_out/bin_demo.1.strict/bin_demo.1.strict.fna
[21:44:36] prokka_out/bin_demo.1.strict/bin_demo.1.strict.gff
[21:44:36] prokka_out/bin_demo.1.strict/bin_demo.1.strict.faa
[21:44:36] prokka_out/bin_demo.1.strict/bin_demo.1.strict.ffn
[21:44:36] prokka_out/bin_demo.1.strict/bin_demo.1.strict.tbl
[21:44:36] prokka_out/bin_demo.1.strict/bin_demo.1.strict.fsa
[21:44:36] prokka_out/bin_demo.1.strict/bin_demo.1.strict.tsv
[21:44:36] prokka_out/bin_demo.1.strict/bin_demo.1.strict.txt
[21:44:36] prokka_out/bin_demo.1.strict/bin_demo.1.strict.err
[21:44:36] prokka_out/bin_demo.1.strict/bin_demo.1.strict.sqn
[21:44:36] prokka_out/bin_demo.1.strict/bin_demo.1.strict.gbk
[21:44:36] Annotation finished successfully.
[21:44:36] Walltime used: 0.97 minutes
[21:44:36] If you use this result please cite the Prokka paper:
[21:44:36] Seemann T (2014) Prokka: rapid prokaryotic genome annotation. Bioinformatics. 30(14):2068-9.
[21:44:36] Type 'prokka --citation' for more details.
[21:44:36] Thank you, come again.
