[21:45:33] This is prokka 1.14.6
[21:45:33] Written by Torsten Seemann <torsten.seemann@gmail.com>
[21:45:33] Homepage is https://github.com/tseemann/prokka
[21:45:33] Local time is Wed Nov 17 21:45:33 2021
[21:45:33] You are joaquim.junior
[21:45:33] Operating system is linux
[21:45:33] You have BioPerl 1.007002
[21:45:33] System has 40 cores.
[21:45:33] Will use maximum of 10 cores.
[21:45:33] Annotating as >>> Bacteria <<<
[21:45:33] Generating locus_tag from '/home/joaquim.junior/work/omics_course/analysis/bins_consolidated/bin_demo.6.strict.fa' contents.
[21:45:33] Setting --locustag LKDPMFFB from MD5 54d96ffbac8ab6d8703c0dd1e7dc1107
[21:45:33] Creating new output folder: prokka_out/bin_demo.6.strict
[21:45:33] Running: mkdir -p prokka_out\/bin_demo\.6\.strict
[21:45:33] Using filename prefix: bin_demo.6.strict.XXX
[21:45:33] Setting HMMER_NCPU=1
[21:45:33] Writing log to: prokka_out/bin_demo.6.strict/bin_demo.6.strict.log
[21:45:33] Command: /opt/spack/opt/spack/linux-centos8-x86_64/gcc-9.3.0/anaconda3-2020.11-eofni6wqgiwzxofemlpw2qhivqi5lp4z/envs/prokka/bin/prokka --quiet --cpus 10 --outdir prokka_out/bin_demo.6.strict --prefix bin_demo.6.strict --addgenes --addmrna --kingdom Bacteria /home/joaquim.junior/work/omics_course/analysis/bins_consolidated/bin_demo.6.strict.fa
[21:45:33] Appending to PATH: /opt/spack/opt/spack/linux-centos8-x86_64/gcc-9.3.0/anaconda3-2020.11-eofni6wqgiwzxofemlpw2qhivqi5lp4z/envs/prokka/bin
[21:45:33] Looking for 'aragorn' - found /opt/spack/opt/spack/linux-centos8-x86_64/gcc-9.3.0/anaconda3-2020.11-eofni6wqgiwzxofemlpw2qhivqi5lp4z/envs/prokka/bin/aragorn
[21:45:33] Determined aragorn version is 001002 from 'ARAGORN v1.2.38 Dean Laslett'
[21:45:33] Looking for 'barrnap' - found /opt/spack/opt/spack/linux-centos8-x86_64/gcc-9.3.0/anaconda3-2020.11-eofni6wqgiwzxofemlpw2qhivqi5lp4z/envs/prokka/bin/barrnap
[21:45:33] Determined barrnap version is 000009 from 'barrnap 0.9'
[21:45:33] Looking for 'blastp' - found /opt/spack/opt/spack/linux-centos8-x86_64/gcc-9.3.0/anaconda3-2020.11-eofni6wqgiwzxofemlpw2qhivqi5lp4z/envs/prokka/bin/blastp
[21:45:33] Determined blastp version is 002010 from 'blastp: 2.10.1+'
[21:45:33] Looking for 'cmpress' - found /opt/spack/opt/spack/linux-centos8-x86_64/gcc-9.3.0/anaconda3-2020.11-eofni6wqgiwzxofemlpw2qhivqi5lp4z/envs/prokka/bin/cmpress
[21:45:33] Determined cmpress version is 001001 from '# INFERNAL 1.1.3 (Nov 2019)'
[21:45:33] Looking for 'cmscan' - found /opt/spack/opt/spack/linux-centos8-x86_64/gcc-9.3.0/anaconda3-2020.11-eofni6wqgiwzxofemlpw2qhivqi5lp4z/envs/prokka/bin/cmscan
[21:45:33] Determined cmscan version is 001001 from '# INFERNAL 1.1.3 (Nov 2019)'
[21:45:33] Looking for 'egrep' - found /usr/bin/egrep
[21:45:33] Looking for 'find' - found /usr/bin/find
[21:45:33] Looking for 'grep' - found /usr/bin/grep
[21:45:33] Looking for 'hmmpress' - found /opt/spack/opt/spack/linux-centos8-x86_64/gcc-9.3.0/anaconda3-2020.11-eofni6wqgiwzxofemlpw2qhivqi5lp4z/envs/prokka/bin/hmmpress
[21:45:33] Determined hmmpress version is 003003 from '# HMMER 3.3.2 (Nov 2020); http://hmmer.org/'
[21:45:33] Looking for 'hmmscan' - found /opt/spack/opt/spack/linux-centos8-x86_64/gcc-9.3.0/anaconda3-2020.11-eofni6wqgiwzxofemlpw2qhivqi5lp4z/envs/prokka/bin/hmmscan
[21:45:33] Determined hmmscan version is 003003 from '# HMMER 3.3.2 (Nov 2020); http://hmmer.org/'
[21:45:33] Looking for 'java' - found /opt/spack/opt/spack/linux-centos8-x86_64/gcc-9.3.0/anaconda3-2020.11-eofni6wqgiwzxofemlpw2qhivqi5lp4z/envs/prokka/bin/java
[21:45:33] Looking for 'makeblastdb' - found /opt/spack/opt/spack/linux-centos8-x86_64/gcc-9.3.0/anaconda3-2020.11-eofni6wqgiwzxofemlpw2qhivqi5lp4z/envs/prokka/bin/makeblastdb
[21:45:33] Determined makeblastdb version is 002010 from 'makeblastdb: 2.10.1+'
[21:45:33] Looking for 'minced' - found /opt/spack/opt/spack/linux-centos8-x86_64/gcc-9.3.0/anaconda3-2020.11-eofni6wqgiwzxofemlpw2qhivqi5lp4z/envs/prokka/bin/minced
[21:45:34] Determined minced version is 004002 from 'minced 0.4.2'
[21:45:34] Looking for 'parallel' - found /opt/spack/opt/spack/linux-centos8-x86_64/gcc-9.3.0/anaconda3-2020.11-eofni6wqgiwzxofemlpw2qhivqi5lp4z/envs/prokka/bin/parallel
[21:45:34] Determined parallel version is 20201122 from 'GNU parallel 20201122'
[21:45:34] Looking for 'prodigal' - found /opt/spack/opt/spack/linux-centos8-x86_64/gcc-9.3.0/anaconda3-2020.11-eofni6wqgiwzxofemlpw2qhivqi5lp4z/envs/prokka/bin/prodigal
[21:45:34] Determined prodigal version is 002006 from 'Prodigal V2.6.3: February, 2016'
[21:45:34] Looking for 'prokka-genbank_to_fasta_db' - found /opt/spack/opt/spack/linux-centos8-x86_64/gcc-9.3.0/anaconda3-2020.11-eofni6wqgiwzxofemlpw2qhivqi5lp4z/envs/prokka/bin/prokka-genbank_to_fasta_db
[21:45:34] Looking for 'sed' - found /usr/bin/sed
[21:45:34] Looking for 'signalp' - found /opt/spack/opt/spack/linux-centos8-x86_64/gcc-9.3.0/anaconda3-2020.11-eofni6wqgiwzxofemlpw2qhivqi5lp4z/bin/signalp
[21:45:34] Determined signalp version is 005000 from '5.0 86_64'
[21:45:34] Looking for 'tbl2asn' - found /opt/spack/opt/spack/linux-centos8-x86_64/gcc-9.3.0/anaconda3-2020.11-eofni6wqgiwzxofemlpw2qhivqi5lp4z/envs/prokka/bin/tbl2asn
[21:45:34] Determined tbl2asn version is 025007 from 'tbl2asn 25.7   arguments:'
[21:45:34] Using genetic code table 11.
[21:45:34] Loading and checking input file: /home/joaquim.junior/work/omics_course/analysis/bins_consolidated/bin_demo.6.strict.fa
[21:45:34] Wrote 405 contigs totalling 2072694 bp.
[21:45:34] Predicting tRNAs and tmRNAs
[21:45:34] Running: aragorn -l -gc11  -w prokka_out\/bin_demo\.6\.strict\/bin_demo\.6\.strict\.fna
[21:45:34] 1 tRNA-Glu [1630,1701] 34 (ctc)
[21:45:34] 1 tRNA-Gly [3246,3318] 34 (tcc)
[21:45:34] 1 tRNA-Gln [6,77] 33 (ttg)
[21:45:34] 2 tRNA-Lys [89,160] 33 (ctt)
[21:45:34] 1 tRNA-Leu [7258,7339] 35 (tag)
[21:45:34] 1 tRNA-Thr [2287,2359] 34 (cgt)
[21:45:34] 1 tRNA-Leu [22,107] 35 (aag)
[21:45:34] 1 tRNA-Arg c[278,351] 35 (cct)
[21:45:35] 1 tRNA-Val c[40,114] 35 (tac)
[21:45:35] 1 tmRNA [6072,6412] 86,118 ADDNSLAFAA*
[21:45:35] Found 10 tRNAs
[21:45:35] Predicting Ribosomal RNAs
[21:45:35] Running Barrnap with 10 threads
[21:45:35] Found 0 rRNAs
[21:45:35] Skipping ncRNA search, enable with --rfam if desired.
[21:45:35] Total of 9 tRNA + rRNA features
[21:45:35] Searching for CRISPR repeats
[21:45:36] CRISPR1 NODE_401_length_773_cov_3.545961 20 with 12 spacers
[21:45:36] CRISPR2 NODE_405_length_523_cov_3.222222 20 with 8 spacers
[21:45:36] Found 2 CRISPRs
[21:45:36] Predicting coding sequences
[21:45:36] Contigs total 2072694 bp, so using single mode
[21:45:36] Running: prodigal -i prokka_out\/bin_demo\.6\.strict\/bin_demo\.6\.strict\.fna -c -m -g 11 -p single -f sco -q
[21:45:38] Excluding CDS which overlaps existing RNA (tRNA) at NODE_35_length_11210_cov_2.341103:7249..7419 on + strand
[21:45:39] Found 1967 CDS
[21:45:39] Connecting features back to sequences
[21:45:39] Not using genus-specific database. Try --usegenus to enable it.
[21:45:39] Annotating CDS, please be patient.
[21:45:39] Will use 10 CPUs for similarity searching.
[21:45:40] There are still 1967 unannotated CDS left (started with 1967)
[21:45:40] Will use blast to search against /opt/spack/opt/spack/linux-centos8-x86_64/gcc-9.3.0/anaconda3-2020.11-eofni6wqgiwzxofemlpw2qhivqi5lp4z/envs/prokka/db/kingdom/Bacteria/IS with 10 CPUs
[21:45:40] Running: cat prokka_out\/bin_demo\.6\.strict\/bin_demo\.6\.strict\.IS\.tmp\.158625\.faa | parallel --gnu --plain -j 10 --block 28796 --recstart '>' --pipe blastp -query - -db /opt/spack/opt/spack/linux-centos8-x86_64/gcc-9.3.0/anaconda3-2020.11-eofni6wqgiwzxofemlpw2qhivqi5lp4z/envs/prokka/db/kingdom/Bacteria/IS -evalue 1e-30 -qcov_hsp_perc 90 -num_threads 1 -num_descriptions 1 -num_alignments 1 -seg no > prokka_out\/bin_demo\.6\.strict\/bin_demo\.6\.strict\.IS\.tmp\.158625\.blast 2> /dev/null
[21:45:48] Deleting unwanted file: prokka_out/bin_demo.6.strict/bin_demo.6.strict.IS.tmp.158625.faa
[21:45:48] Deleting unwanted file: prokka_out/bin_demo.6.strict/bin_demo.6.strict.IS.tmp.158625.blast
[21:45:49] There are still 1951 unannotated CDS left (started with 1967)
[21:45:49] Will use blast to search against /opt/spack/opt/spack/linux-centos8-x86_64/gcc-9.3.0/anaconda3-2020.11-eofni6wqgiwzxofemlpw2qhivqi5lp4z/envs/prokka/db/kingdom/Bacteria/AMR with 10 CPUs
[21:45:49] Running: cat prokka_out\/bin_demo\.6\.strict\/bin_demo\.6\.strict\.AMR\.tmp\.158625\.faa | parallel --gnu --plain -j 10 --block 28551 --recstart '>' --pipe blastp -query - -db /opt/spack/opt/spack/linux-centos8-x86_64/gcc-9.3.0/anaconda3-2020.11-eofni6wqgiwzxofemlpw2qhivqi5lp4z/envs/prokka/db/kingdom/Bacteria/AMR -evalue 9.99999999999999e-301 -qcov_hsp_perc 90 -num_threads 1 -num_descriptions 1 -num_alignments 1 -seg no > prokka_out\/bin_demo\.6\.strict\/bin_demo\.6\.strict\.AMR\.tmp\.158625\.blast 2> /dev/null
[21:45:56] Deleting unwanted file: prokka_out/bin_demo.6.strict/bin_demo.6.strict.AMR.tmp.158625.faa
[21:45:56] Deleting unwanted file: prokka_out/bin_demo.6.strict/bin_demo.6.strict.AMR.tmp.158625.blast
[21:45:56] There are still 1950 unannotated CDS left (started with 1967)
[21:45:56] Will use blast to search against /opt/spack/opt/spack/linux-centos8-x86_64/gcc-9.3.0/anaconda3-2020.11-eofni6wqgiwzxofemlpw2qhivqi5lp4z/envs/prokka/db/kingdom/Bacteria/sprot with 10 CPUs
[21:45:56] Running: cat prokka_out\/bin_demo\.6\.strict\/bin_demo\.6\.strict\.sprot\.tmp\.158625\.faa | parallel --gnu --plain -j 10 --block 28497 --recstart '>' --pipe blastp -query - -db /opt/spack/opt/spack/linux-centos8-x86_64/gcc-9.3.0/anaconda3-2020.11-eofni6wqgiwzxofemlpw2qhivqi5lp4z/envs/prokka/db/kingdom/Bacteria/sprot -evalue 1e-09 -qcov_hsp_perc 80 -num_threads 1 -num_descriptions 1 -num_alignments 1 -seg no > prokka_out\/bin_demo\.6\.strict\/bin_demo\.6\.strict\.sprot\.tmp\.158625\.blast 2> /dev/null
[21:46:26] Modify product: GTP cyclohydrolase 1 type 2 homolog => GTP cyclohydrolase 1 type 2 
[21:46:26] Modify product: Probable sporulation protein YlmC => putative sporulation protein YlmC
[21:46:26] Modify product: UPF0297 protein SP_0192 => hypothetical protein
[21:46:26] Modify product: Probable cyclic di-GMP phosphodiesterase VC_1348 => putative cyclic di-GMP phosphodiesterase
[21:46:26] Modify product: Rqc2 homolog RqcH => Rqc2 RqcH
[21:46:26] Modify product: UPF0701 protein HI_0467 => hypothetical protein
[21:46:26] Modify product: Putative aminotransferase MSMEG_6286/MSMEI_6121 => Putative aminotransferase/MSMEI_6121
[21:46:26] Modify product: Probable formate transporter 1 => putative formate transporter 1
[21:46:26] Modify product: Uncharacterized protein Spy1614 => putative protein
[21:46:26] Modify product: Uncharacterized protein SA1069 => putative protein
[21:46:26] Modify product: Uncharacterized ABC transporter ATP-binding protein Rv0986 => putative ABC transporter ATP-binding protein
[21:46:26] Modify product: Probable dual-specificity RNA methyltransferase RlmN => putative dual-specificity RNA methyltransferase RlmN
[21:46:26] Modify product: Putative esterase aq_1494 => Putative esterase
[21:46:26] Modify product: Uncharacterized HTH-type transcriptional regulator HI_0186 => putative HTH-type transcriptional regulator
[21:46:26] Modify product: Probable ribosomal protein YlxQ => putative ribosomal protein YlxQ
[21:46:26] Modify product: Nucleoid-associated protein Cthe_2143 => Nucleoid-associated protein
[21:46:26] Modify product: Probable N-acetyl-LL-diaminopimelate aminotransferase => putative N-acetyl-LL-diaminopimelate aminotransferase
[21:46:26] Modify product: Probable CtpA-like serine protease => putative CtpA-like serine protease
[21:46:26] Modify product: Uncharacterized ABC transporter ATP-binding protein YknY => putative ABC transporter ATP-binding protein YknY
[21:46:26] Modify product: Probable uridylyltransferase SA1974 => putative uridylyltransferase
[21:46:26] Modify product: Uncharacterized ABC transporter ATP-binding protein YbiT => putative ABC transporter ATP-binding protein YbiT
[21:46:26] Modify product: Putative zinc metalloprotease aq_1964 => Putative zinc metalloprotease
[21:46:26] Modify product: Probable ATP synthase YscN => putative ATP synthase YscN
[21:46:26] Modify product: Probable peptidoglycan glycosyltransferase FtsW => putative peptidoglycan glycosyltransferase FtsW
[21:46:26] Modify product: Ribonuclease TTHA0252 => Ribonuclease
[21:46:26] Modify product: Uncharacterized protein M6_Spy0233 => putative protein
[21:46:26] Modify product: Uncharacterized ABC transporter ATP-binding protein YknY => putative ABC transporter ATP-binding protein YknY
[21:46:26] Modify product: UPF0102 protein RPA0323 => hypothetical protein
[21:46:26] Modify product: Probable peptidoglycan glycosyltransferase FtsW => putative peptidoglycan glycosyltransferase FtsW
[21:46:26] Modify product: Uncharacterized RNA methyltransferase SP_1029 => putative RNA methyltransferase
[21:46:26] Modify product: Uncharacterized RNA methyltransferase SP_1029 => putative RNA methyltransferase
[21:46:26] Modify product: Uncharacterized ABC transporter ATP-binding protein YxlF => putative ABC transporter ATP-binding protein YxlF
[21:46:26] Modify product: DegV domain-containing protein spr1415 => DegV domain-containing protein
[21:46:26] Modify product: Phosphate-specific transport system accessory protein PhoU homolog => Phosphate-specific transport system accessory protein PhoU 
[21:46:26] Modify product: Uncharacterized glycosyltransferase EpsJ => putative glycosyltransferase EpsJ
[21:46:26] Modify product: HTH-type transcriptional regulator Cphy_2742 => HTH-type transcriptional regulator
[21:46:26] Modify product: Probable transcriptional regulatory protein HI_0315 => putative transcriptional regulatory protein
[21:46:26] Modify product: Transcriptional repressor SmtB homolog => Transcriptional repressor SmtB 
[21:46:27] Modify product: Uncharacterized signaling protein PA1727 => putative signaling protein
[21:46:27] Modify product: Purine-binding protein BAB2_0673 => Purine-binding protein
[21:46:27] Modify product: Phosphorylated carbohydrates phosphatase TM_1254 => Phosphorylated carbohydrates phosphatase
[21:46:27] Modify product: UPF0210 protein SP_0239 => hypothetical protein
[21:46:27] Modify product: UPF0237 protein SP_0238 => hypothetical protein
[21:46:27] Modify product: Probable ATP-dependent helicase DinG homolog => putative ATP-dependent helicase DinG 
[21:46:27] Modify product: Uncharacterized ABC transporter ATP-binding protein Rv1273c => putative ABC transporter ATP-binding protein
[21:46:27] Modify product: Uncharacterized ABC transporter ATP-binding protein TM_0288 => putative ABC transporter ATP-binding protein
[21:46:27] Modify product: UPF0053 inner membrane protein YfjD => hypothetical protein
[21:46:27] Modify product: UPF0178 protein YaiI => hypothetical protein
[21:46:27] Modify product: Phage shock protein A homolog => Phage shock protein A 
[21:46:27] Modify product: Uncharacterized signaling protein PA1727 => putative signaling protein
[21:46:27] Modify product: Uncharacterized ABC transporter ATP-binding protein TM_0288 => putative ABC transporter ATP-binding protein
[21:46:27] Modify product: Uncharacterized ABC transporter ATP-binding protein Rv1273c => putative ABC transporter ATP-binding protein
[21:46:27] Modify product: Putative metallophosphoesterase MG207 homolog => Putative metallophosphoesterase MG207 
[21:46:27] Modify product: UPF0371 protein DIP2346 => hypothetical protein
[21:46:27] Modify product: DegV domain-containing protein spr0652 => DegV domain-containing protein
[21:46:27] Modify product: Probable FMN/FAD exporter YeeO => putative FMN/FAD exporter YeeO
[21:46:27] Modify product: Uncharacterized ABC transporter ATP-binding protein Rv1273c => putative ABC transporter ATP-binding protein
[21:46:27] Modify product: Uncharacterized ABC transporter ATP-binding protein TM_0288 => putative ABC transporter ATP-binding protein
[21:46:27] Modify product: Uncharacterized ABC transporter ATP-binding protein YbiT => putative ABC transporter ATP-binding protein YbiT
[21:46:27] Modify product: Glycogen operon protein GlgX homolog => Glycogen operon protein GlgX 
[21:46:27] Modify product: Acetyltransferase SACOL1063 => Acetyltransferase
[21:46:27] Modify product: Probable FMN/FAD exporter YeeO => putative FMN/FAD exporter YeeO
[21:46:27] Modify product: Probable tRNA-dihydrouridine synthase => putative tRNA-dihydrouridine synthase
[21:46:27] Modify product: DegV domain-containing protein MW1315 => DegV domain-containing protein
[21:46:27] Modify product: Calcium-transporting ATPase lmo0841 => Calcium-transporting ATPase
[21:46:27] Modify product: Uncharacterized protein YqeN => putative protein YqeN
[21:46:27] Modify product: Probable manganese efflux pump MntP => putative manganese efflux pump MntP
[21:46:27] Modify product: Probable M18 family aminopeptidase 1 => putative M18 family aminopeptidase 1
[21:46:27] Modify product: Probable tRNA sulfurtransferase => putative tRNA sulfurtransferase
[21:46:27] Modify product: Bifunctional protein FolD => Bifunctional protein FolD protein
[21:46:27] Modify product: Probable protein-export membrane protein SecG => putative protein-export membrane protein SecG
[21:46:27] Modify product: Transcriptional repressor SmtB homolog => Transcriptional repressor SmtB 
[21:46:27] Modify product: Probable HTH-type transcriptional repressor ExuR => putative HTH-type transcriptional repressor ExuR
[21:46:28] Modify product: Cyclic di-GMP phosphodiesterase VC_1295 => Cyclic di-GMP phosphodiesterase
[21:46:28] Modify product: Probable cell division protein WhiA => putative cell division protein WhiA
[21:46:28] Modify product: Probable GTP-binding protein EngB => putative GTP-binding protein EngB
[21:46:28] Modify product: Uncharacterized glycosyltransferase YkoT => putative glycosyltransferase YkoT
[21:46:28] Modify product: Cyclic di-GMP phosphodiesterase PA4108 => Cyclic di-GMP phosphodiesterase
[21:46:28] Modify product: Probable metallo-hydrolase M6_Spy0554 => putative metallo-hydrolase
[21:46:28] Modify product: Probable cyclic di-GMP phosphodiesterase VC_1348 => putative cyclic di-GMP phosphodiesterase
[21:46:28] Modify product: Probable M18 family aminopeptidase 2 => putative M18 family aminopeptidase 2
[21:46:28] Modify product: Dihydroorotate dehydrogenase B (NAD(+)), electron transfer subunit homolog => Dihydroorotate dehydrogenase B (NAD(+)), electron transfer subunit 
[21:46:28] Modify product: Uncharacterized ABC transporter ATP-binding protein YknY => putative ABC transporter ATP-binding protein YknY
[21:46:28] Modify product: Probable copper-importing P-type ATPase A => putative copper-importing P-type ATPase A
[21:46:28] Cleaned 84 /product names
[21:46:28] Deleting unwanted file: prokka_out/bin_demo.6.strict/bin_demo.6.strict.sprot.tmp.158625.faa
[21:46:28] Deleting unwanted file: prokka_out/bin_demo.6.strict/bin_demo.6.strict.sprot.tmp.158625.blast
[21:46:28] There are still 1100 unannotated CDS left (started with 1967)
[21:46:28] Will use hmmer3 to search against /opt/spack/opt/spack/linux-centos8-x86_64/gcc-9.3.0/anaconda3-2020.11-eofni6wqgiwzxofemlpw2qhivqi5lp4z/envs/prokka/db/hmm/HAMAP.hmm with 10 CPUs
[21:46:28] Running: cat prokka_out\/bin_demo\.6\.strict\/bin_demo\.6\.strict\.HAMAP\.hmm\.tmp\.158625\.faa | parallel --gnu --plain -j 10 --block 14815 --recstart '>' --pipe hmmscan --noali --notextw --acc -E 1e-09 --cpu 1 /opt/spack/opt/spack/linux-centos8-x86_64/gcc-9.3.0/anaconda3-2020.11-eofni6wqgiwzxofemlpw2qhivqi5lp4z/envs/prokka/db/hmm/HAMAP.hmm /dev/stdin > prokka_out\/bin_demo\.6\.strict\/bin_demo\.6\.strict\.HAMAP\.hmm\.tmp\.158625\.hmmer3 2> /dev/null
[21:46:40] Deleting unwanted file: prokka_out/bin_demo.6.strict/bin_demo.6.strict.HAMAP.hmm.tmp.158625.faa
[21:46:40] Deleting unwanted file: prokka_out/bin_demo.6.strict/bin_demo.6.strict.HAMAP.hmm.tmp.158625.hmmer3
[21:46:40] Labelling remaining 970 proteins as 'hypothetical protein'
[21:46:40] Possible /pseudo 'putative protein' at NODE_3_length_24808_cov_1.981457 position 18328
[21:46:40] Possible /pseudo 'Long-chain-fatty-acid--CoA ligase' at NODE_4_length_22073_cov_2.399900 position 1733
[21:46:40] Possible /pseudo 'Serine/threonine-protein kinase PknD' at NODE_10_length_16224_cov_1.705177 position 3319
[21:46:40] Possible /pseudo 'Tyrosine recombinase XerC' at NODE_26_length_12615_cov_4.510191 position 3015
[21:46:40] Possible /pseudo 'Tyrosine recombinase XerC' at NODE_26_length_12615_cov_4.510191 position 4774
[21:46:40] Possible /pseudo 'putative ABC transporter ATP-binding protein' at NODE_28_length_12207_cov_1.850395 position 6469
[21:46:40] Possible /pseudo 'Stage V sporulation protein D' at NODE_32_length_11628_cov_1.675538 position 5522
[21:46:40] Possible /pseudo 'putative ABC transporter ATP-binding protein' at NODE_82_length_7395_cov_1.846594 position 3109
[21:46:40] Possible /pseudo 'putative ABC transporter ATP-binding protein' at NODE_130_length_5164_cov_1.464279 position 2513
[21:46:40] Possible /pseudo 'Glucose-1-phosphate adenylyltransferase' at NODE_158_length_4682_cov_2.116490 position 1920
[21:46:40] Possible /pseudo 'IS3 family transposase ISEnfa5' at NODE_196_length_3802_cov_4.642114 position 1012
[21:46:40] Possible /pseudo 'Flagellar basal-body rod protein FlgG' at NODE_198_length_3776_cov_1.391024 position 1583
[21:46:40] Found 780 unique /gene codes.
[21:46:40] Fixed 2 duplicate /gene - ybiT_1 ybiT_2
[21:46:40] Fixed 2 duplicate /gene - pfp_1 pfp_2
[21:46:40] Fixed 2 duplicate /gene - ftsW_1 ftsW_2
[21:46:40] Fixed 2 duplicate /gene - ziaR_1 ziaR_2
[21:46:40] Fixed 2 duplicate /gene - dxs_1 dxs_2
[21:46:40] Fixed 2 duplicate /gene - flhB_1 flhB_2
[21:46:40] Fixed 2 duplicate /gene - lspA_1 lspA_2
[21:46:40] Fixed 3 duplicate /gene - glgB_1 glgB_2 glgB_3
[21:46:40] Fixed 2 duplicate /gene - murJ_1 murJ_2
[21:46:40] Fixed 2 duplicate /gene - stp_1 stp_2
[21:46:40] Fixed 2 duplicate /gene - dnaJ_1 dnaJ_2
[21:46:40] Fixed 2 duplicate /gene - secY_1 secY_2
[21:46:40] Fixed 2 duplicate /gene - ilvB_1 ilvB_2
[21:46:40] Fixed 2 duplicate /gene - rhaS_1 rhaS_2
[21:46:40] Fixed 2 duplicate /gene - cheW_1 cheW_2
[21:46:40] Fixed 2 duplicate /gene - mrdA_1 mrdA_2
[21:46:40] Fixed 4 duplicate /gene - acpP_1 acpP_2 acpP_3 acpP_4
[21:46:40] Fixed 2 duplicate /gene - mshA_1 mshA_2
[21:46:40] Fixed 2 duplicate /gene - fpgS_1 fpgS_2
[21:46:40] Fixed 3 duplicate /gene - bcrA_1 bcrA_2 bcrA_3
[21:46:40] Fixed 2 duplicate /gene - glnA_1 glnA_2
[21:46:40] Fixed 2 duplicate /gene - gpr_1 gpr_2
[21:46:40] Fixed 2 duplicate /gene - epsF_1 epsF_2
[21:46:40] Fixed 2 duplicate /gene - greA_1 greA_2
[21:46:40] Fixed 2 duplicate /gene - iscS_1 iscS_2
[21:46:40] Fixed 3 duplicate /gene - cheB_1 cheB_2 cheB_3
[21:46:40] Fixed 2 duplicate /gene - ecsA_1 ecsA_2
[21:46:40] Fixed 2 duplicate /gene - uppP_1 uppP_2
[21:46:40] Fixed 2 duplicate /gene - tig_1 tig_2
[21:46:40] Fixed 2 duplicate /gene - mutS_1 mutS_2
[21:46:40] Fixed 2 duplicate /gene - prsA_1 prsA_2
[21:46:40] Fixed 2 duplicate /gene - uvrA_1 uvrA_2
[21:46:40] Fixed 2 duplicate /gene - glgC_1 glgC_2
[21:46:40] Fixed 2 duplicate /gene - prs_1 prs_2
[21:46:40] Fixed 2 duplicate /gene - spoVD_1 spoVD_2
[21:46:40] Fixed 3 duplicate /gene - lnrL_1 lnrL_2 lnrL_3
[21:46:40] Fixed 2 duplicate /gene - Int-Tn_1 Int-Tn_2
[21:46:40] Fixed 2 duplicate /gene - smc_1 smc_2
[21:46:40] Fixed 2 duplicate /gene - clpX_1 clpX_2
[21:46:40] Fixed 2 duplicate /gene - fabZ_1 fabZ_2
[21:46:40] Fixed 2 duplicate /gene - aroG_1 aroG_2
[21:46:40] Fixed 2 duplicate /gene - dacF_1 dacF_2
[21:46:40] Fixed 2 duplicate /gene - galE_1 galE_2
[21:46:40] Fixed 2 duplicate /gene - gabR_1 gabR_2
[21:46:40] Fixed 2 duplicate /gene - rffG_1 rffG_2
[21:46:40] Fixed 3 duplicate /gene - rlmL_1 rlmL_2 rlmL_3
[21:46:40] Fixed 2 duplicate /gene - fadD_1 fadD_2
[21:46:40] Fixed 2 duplicate /gene - flgG_1 flgG_2
[21:46:40] Fixed 4 duplicate /gene - btuD_1 btuD_2 btuD_3 btuD_4
[21:46:40] Fixed 2 duplicate /gene - rfbC_1 rfbC_2
[21:46:40] Fixed 2 duplicate /gene - dtd_1 dtd_2
[21:46:40] Fixed 3 duplicate /gene - ttcA_1 ttcA_2 ttcA_3
[21:46:40] Fixed 2 duplicate /gene - der_1 der_2
[21:46:40] Fixed 3 duplicate /gene - glgA_1 glgA_2 glgA_3
[21:46:40] Fixed 2 duplicate /gene - dapL_1 dapL_2
[21:46:40] Fixed 4 duplicate /gene - pknD_1 pknD_2 pknD_3 pknD_4
[21:46:40] Fixed 2 duplicate /gene - glpG_1 glpG_2
[21:46:40] Fixed 2 duplicate /gene - ilvH_1 ilvH_2
[21:46:40] Fixed 2 duplicate /gene - mntP_1 mntP_2
[21:46:40] Fixed 5 duplicate /gene - xerC_1 xerC_2 xerC_3 xerC_4 xerC_5
[21:46:40] Fixed 2 duplicate /gene - truA_1 truA_2
[21:46:40] Fixed 2 duplicate /gene - guaA_1 guaA_2
[21:46:40] Fixed 2 duplicate /gene - COQ3_1 COQ3_2
[21:46:40] Fixed 2 duplicate /gene - cadA_1 cadA_2
[21:46:40] Fixed 4 duplicate /gene - cmk_1 cmk_2 cmk_3 cmk_4
[21:46:40] Fixed 2 duplicate /gene - rcsC_1 rcsC_2
[21:46:40] Fixed 2 duplicate /gene - ypdB_1 ypdB_2
[21:46:40] Fixed 2 duplicate /gene - macB_1 macB_2
[21:46:40] Fixed 3 duplicate /gene - dinG_1 dinG_2 dinG_3
[21:46:40] Fixed 3 duplicate /gene - sasA_1 sasA_2 sasA_3
[21:46:40] Fixed 3 duplicate /gene - fabG_1 fabG_2 fabG_3
[21:46:40] Fixed 2 duplicate /gene - pccB_1 pccB_2
[21:46:40] Fixed 2 duplicate /gene - hisC_1 hisC_2
[21:46:40] Fixed 2 duplicate /gene - yeeO_1 yeeO_2
[21:46:40] Fixed 2 duplicate /gene - rsmH_1 rsmH_2
[21:46:40] Fixed 2 duplicate /gene - glmU_1 glmU_2
[21:46:40] Fixed 2 duplicate /gene - gmk_1 gmk_2
[21:46:40] Fixed 3 duplicate /gene - patA_1 patA_2 patA_3
[21:46:40] Fixed 3 duplicate /gene - yknY_1 yknY_2 yknY_3
[21:46:40] Fixed 3 duplicate /gene - map_1 map_2 map_3
[21:46:40] Fixed 2 duplicate /gene - gyrA_1 gyrA_2
[21:46:40] Fixed 2 duplicate /gene - yxdL_1 yxdL_2
[21:46:40] Fixed 2 duplicate /gene - mreB_1 mreB_2
[21:46:40] Fixed 3 duplicate /gene - srrA_1 srrA_2 srrA_3
[21:46:40] Fixed 2 duplicate /gene - gph_1 gph_2
[21:46:40] Fixed 2 duplicate /gene - glgP_1 glgP_2
[21:46:40] Fixed 3 duplicate /gene - moaA_1 moaA_2 moaA_3
[21:46:40] Fixed 3 duplicate /gene - tagU_1 tagU_2 tagU_3
[21:46:40] Fixed 2 duplicate /gene - spo0A_1 spo0A_2
[21:46:40] Fixed 7 duplicate /gene - mepA_1 mepA_2 mepA_3 mepA_4 mepA_5 mepA_6 mepA_7
[21:46:40] Fixed 2 duplicate /gene - purF_1 purF_2
[21:46:40] Fixed 2 duplicate /gene - pyk_1 pyk_2
[21:46:40] Fixed 92 colliding /gene names.
[21:46:40] Adding /locus_tag identifiers
[21:46:41] Assigned 1977 locus_tags to CDS and RNA features.
[21:46:41] Writing outputs to prokka_out/bin_demo.6.strict/
[21:46:43] Generating annotation statistics file
[21:46:43] Generating Genbank and Sequin files
[21:46:43] Running: tbl2asn -V b -a r10k -l paired-ends -M n -N 1 -y 'Annotated using prokka 1.14.6 from https://github.com/tseemann/prokka' -Z prokka_out\/bin_demo\.6\.strict\/bin_demo\.6\.strict\.err -i prokka_out\/bin_demo\.6\.strict\/bin_demo\.6\.strict\.fsa 2> /dev/null
[21:46:52] Deleting unwanted file: prokka_out/bin_demo.6.strict/errorsummary.val
[21:46:52] Deleting unwanted file: prokka_out/bin_demo.6.strict/bin_demo.6.strict.dr
[21:46:52] Deleting unwanted file: prokka_out/bin_demo.6.strict/bin_demo.6.strict.fixedproducts
[21:46:52] Deleting unwanted file: prokka_out/bin_demo.6.strict/bin_demo.6.strict.ecn
[21:46:52] Deleting unwanted file: prokka_out/bin_demo.6.strict/bin_demo.6.strict.val
[21:46:52] Repairing broken .GBK output that tbl2asn produces...
[21:46:52] Running: sed 's/COORDINATES: profile/COORDINATES:profile/' < prokka_out\/bin_demo\.6\.strict\/bin_demo\.6\.strict\.gbf > prokka_out\/bin_demo\.6\.strict\/bin_demo\.6\.strict\.gbk
[21:46:52] Deleting unwanted file: prokka_out/bin_demo.6.strict/bin_demo.6.strict.gbf
[21:46:52] Output files:
[21:46:52] prokka_out/bin_demo.6.strict/bin_demo.6.strict.log
[21:46:52] prokka_out/bin_demo.6.strict/bin_demo.6.strict.fna
[21:46:52] prokka_out/bin_demo.6.strict/bin_demo.6.strict.gff
[21:46:52] prokka_out/bin_demo.6.strict/bin_demo.6.strict.faa
[21:46:52] prokka_out/bin_demo.6.strict/bin_demo.6.strict.ffn
[21:46:52] prokka_out/bin_demo.6.strict/bin_demo.6.strict.tbl
[21:46:52] prokka_out/bin_demo.6.strict/bin_demo.6.strict.fsa
[21:46:52] prokka_out/bin_demo.6.strict/bin_demo.6.strict.tsv
[21:46:52] prokka_out/bin_demo.6.strict/bin_demo.6.strict.txt
[21:46:52] prokka_out/bin_demo.6.strict/bin_demo.6.strict.err
[21:46:52] prokka_out/bin_demo.6.strict/bin_demo.6.strict.sqn
[21:46:52] prokka_out/bin_demo.6.strict/bin_demo.6.strict.gbk
[21:46:52] Annotation finished successfully.
[21:46:52] Walltime used: 1.32 minutes
[21:46:52] If you use this result please cite the Prokka paper:
[21:46:52] Seemann T (2014) Prokka: rapid prokaryotic genome annotation. Bioinformatics. 30(14):2068-9.
[21:46:52] Type 'prokka --citation' for more details.
[21:46:52] Share and enjoy!
